{"C:\\Users\\Heaven\\dev\\stellar-burgers\\src\\services\\constructorSlice.ts": {"path":"C:\\Users\\Heaven\\dev\\stellar-burgers\\src\\services\\constructorSlice.ts","all":false,"statementMap":{"0":{"start":{"line":1,"column":0},"end":{"line":1,"column":62}},"1":{"start":{"line":2,"column":0},"end":{"line":2,"column":75}},"2":{"start":{"line":3,"column":0},"end":{"line":3,"column":38}},"3":{"start":{"line":4,"column":0},"end":{"line":4,"column":0}},"4":{"start":{"line":5,"column":0},"end":{"line":5,"column":35}},"5":{"start":{"line":6,"column":0},"end":{"line":6,"column":21}},"6":{"start":{"line":7,"column":0},"end":{"line":7,"column":28}},"7":{"start":{"line":8,"column":0},"end":{"line":8,"column":42}},"8":{"start":{"line":9,"column":0},"end":{"line":9,"column":4}},"9":{"start":{"line":10,"column":0},"end":{"line":10,"column":18}},"10":{"start":{"line":11,"column":0},"end":{"line":11,"column":1}},"11":{"start":{"line":12,"column":0},"end":{"line":12,"column":0}},"12":{"start":{"line":13,"column":0},"end":{"line":13,"column":40}},"13":{"start":{"line":14,"column":0},"end":{"line":14,"column":21}},"14":{"start":{"line":15,"column":0},"end":{"line":15,"column":14}},"15":{"start":{"line":16,"column":0},"end":{"line":16,"column":19}},"16":{"start":{"line":17,"column":0},"end":{"line":17,"column":4}},"17":{"start":{"line":18,"column":0},"end":{"line":18,"column":12}},"18":{"start":{"line":19,"column":0},"end":{"line":19,"column":2}},"19":{"start":{"line":20,"column":0},"end":{"line":20,"column":0}},"20":{"start":{"line":21,"column":0},"end":{"line":21,"column":38}},"21":{"start":{"line":22,"column":0},"end":{"line":22,"column":28}},"22":{"start":{"line":23,"column":0},"end":{"line":23,"column":15}},"23":{"start":{"line":24,"column":0},"end":{"line":24,"column":13}},"24":{"start":{"line":25,"column":0},"end":{"line":25,"column":26}},"25":{"start":{"line":26,"column":0},"end":{"line":26,"column":67}},"26":{"start":{"line":27,"column":0},"end":{"line":27,"column":47}},"27":{"start":{"line":28,"column":0},"end":{"line":28,"column":26}},"28":{"start":{"line":29,"column":0},"end":{"line":29,"column":41}},"29":{"start":{"line":30,"column":0},"end":{"line":30,"column":8}},"30":{"start":{"line":31,"column":0},"end":{"line":31,"column":55}},"31":{"start":{"line":32,"column":0},"end":{"line":32,"column":25}},"32":{"start":{"line":33,"column":0},"end":{"line":33,"column":6}},"33":{"start":{"line":34,"column":0},"end":{"line":34,"column":36}},"34":{"start":{"line":35,"column":0},"end":{"line":35,"column":65}},"35":{"start":{"line":36,"column":0},"end":{"line":36,"column":67}},"36":{"start":{"line":37,"column":0},"end":{"line":37,"column":6}},"37":{"start":{"line":38,"column":0},"end":{"line":38,"column":23}},"38":{"start":{"line":39,"column":0},"end":{"line":39,"column":60}},"39":{"start":{"line":40,"column":0},"end":{"line":40,"column":50}},"40":{"start":{"line":41,"column":0},"end":{"line":41,"column":6}},"41":{"start":{"line":42,"column":0},"end":{"line":42,"column":27}},"42":{"start":{"line":43,"column":0},"end":{"line":43,"column":34}},"43":{"start":{"line":44,"column":0},"end":{"line":44,"column":40}},"44":{"start":{"line":45,"column":0},"end":{"line":45,"column":46}},"45":{"start":{"line":46,"column":0},"end":{"line":46,"column":24}},"46":{"start":{"line":47,"column":0},"end":{"line":47,"column":5}},"47":{"start":{"line":48,"column":0},"end":{"line":48,"column":4}},"48":{"start":{"line":49,"column":0},"end":{"line":49,"column":14}},"49":{"start":{"line":50,"column":0},"end":{"line":50,"column":71}},"50":{"start":{"line":51,"column":0},"end":{"line":51,"column":3}},"51":{"start":{"line":52,"column":0},"end":{"line":52,"column":3}},"52":{"start":{"line":53,"column":0},"end":{"line":53,"column":0}},"53":{"start":{"line":54,"column":0},"end":{"line":54,"column":76}},"54":{"start":{"line":55,"column":0},"end":{"line":55,"column":27}},"55":{"start":{"line":56,"column":0},"end":{"line":56,"column":69}},"56":{"start":{"line":57,"column":0},"end":{"line":57,"column":40}}},"s":{"0":1,"1":1,"2":1,"3":1,"4":1,"5":1,"6":1,"7":1,"8":1,"9":1,"10":1,"11":1,"12":1,"13":1,"14":1,"15":1,"16":1,"17":1,"18":1,"19":1,"20":1,"21":1,"22":1,"23":1,"24":1,"25":1,"26":12,"27":12,"28":12,"29":12,"30":12,"31":12,"32":1,"33":1,"34":1,"35":3,"36":1,"37":1,"38":1,"39":1,"40":1,"41":1,"42":1,"43":1,"44":1,"45":1,"46":1,"47":1,"48":1,"49":1,"50":1,"51":1,"52":1,"53":1,"54":1,"55":1,"56":1},"branchMap":{"0":{"type":"branch","line":26,"loc":{"start":{"line":26,"column":19},"end":{"line":33,"column":5}},"locations":[{"start":{"line":26,"column":19},"end":{"line":33,"column":5}}]},"1":{"type":"branch","line":35,"loc":{"start":{"line":35,"column":22},"end":{"line":37,"column":5}},"locations":[{"start":{"line":35,"column":22},"end":{"line":37,"column":5}}]},"2":{"type":"branch","line":39,"loc":{"start":{"line":39,"column":12},"end":{"line":41,"column":5}},"locations":[{"start":{"line":39,"column":12},"end":{"line":41,"column":5}}]},"3":{"type":"branch","line":43,"loc":{"start":{"line":43,"column":22},"end":{"line":47,"column":5}},"locations":[{"start":{"line":43,"column":22},"end":{"line":47,"column":5}}]},"4":{"type":"branch","line":50,"loc":{"start":{"line":50,"column":28},"end":{"line":50,"column":54}},"locations":[{"start":{"line":50,"column":28},"end":{"line":50,"column":54}}]}},"b":{"0":[12],"1":[3],"2":[1],"3":[1],"4":[1]},"fnMap":{"0":{"name":"addIngredient","decl":{"start":{"line":26,"column":19},"end":{"line":33,"column":5}},"loc":{"start":{"line":26,"column":19},"end":{"line":33,"column":5}},"line":26},"1":{"name":"removeIngredient","decl":{"start":{"line":35,"column":22},"end":{"line":37,"column":5}},"loc":{"start":{"line":35,"column":22},"end":{"line":37,"column":5}},"line":35},"2":{"name":"setBun","decl":{"start":{"line":39,"column":12},"end":{"line":41,"column":5}},"loc":{"start":{"line":39,"column":12},"end":{"line":41,"column":5}},"line":39},"3":{"name":"clearConstructor","decl":{"start":{"line":43,"column":22},"end":{"line":47,"column":5}},"loc":{"start":{"line":43,"column":22},"end":{"line":47,"column":5}},"line":43},"4":{"name":"selectConstructorItems","decl":{"start":{"line":50,"column":28},"end":{"line":50,"column":54}},"loc":{"start":{"line":50,"column":28},"end":{"line":50,"column":54}},"line":50}},"f":{"0":12,"1":3,"2":1,"3":1,"4":1}}
,"C:\\Users\\Heaven\\dev\\stellar-burgers\\src\\services\\ingredientsSlice.ts": {"path":"C:\\Users\\Heaven\\dev\\stellar-burgers\\src\\services\\ingredientsSlice.ts","all":false,"statementMap":{"0":{"start":{"line":1,"column":0},"end":{"line":1,"column":41}},"1":{"start":{"line":2,"column":0},"end":{"line":2,"column":65}},"2":{"start":{"line":3,"column":0},"end":{"line":3,"column":43}},"3":{"start":{"line":4,"column":0},"end":{"line":4,"column":0}},"4":{"start":{"line":5,"column":0},"end":{"line":5,"column":35}},"5":{"start":{"line":6,"column":0},"end":{"line":6,"column":29}},"6":{"start":{"line":7,"column":0},"end":{"line":7,"column":19}},"7":{"start":{"line":8,"column":0},"end":{"line":8,"column":23}},"8":{"start":{"line":9,"column":0},"end":{"line":9,"column":1}},"9":{"start":{"line":10,"column":0},"end":{"line":10,"column":0}},"10":{"start":{"line":11,"column":0},"end":{"line":11,"column":40}},"11":{"start":{"line":12,"column":0},"end":{"line":12,"column":18}},"12":{"start":{"line":13,"column":0},"end":{"line":13,"column":17}},"13":{"start":{"line":14,"column":0},"end":{"line":14,"column":13}},"14":{"start":{"line":15,"column":0},"end":{"line":15,"column":2}},"15":{"start":{"line":16,"column":0},"end":{"line":16,"column":0}},"16":{"start":{"line":17,"column":0},"end":{"line":17,"column":49}},"17":{"start":{"line":18,"column":0},"end":{"line":18,"column":33}},"18":{"start":{"line":19,"column":0},"end":{"line":19,"column":37}},"19":{"start":{"line":20,"column":0},"end":{"line":20,"column":9}},"20":{"start":{"line":21,"column":0},"end":{"line":21,"column":45}},"21":{"start":{"line":22,"column":0},"end":{"line":22,"column":18}},"22":{"start":{"line":23,"column":0},"end":{"line":23,"column":21}},"23":{"start":{"line":24,"column":0},"end":{"line":24,"column":61}},"24":{"start":{"line":25,"column":0},"end":{"line":25,"column":5}},"25":{"start":{"line":26,"column":0},"end":{"line":26,"column":3}},"26":{"start":{"line":27,"column":0},"end":{"line":27,"column":2}},"27":{"start":{"line":28,"column":0},"end":{"line":28,"column":0}},"28":{"start":{"line":29,"column":0},"end":{"line":29,"column":38}},"29":{"start":{"line":30,"column":0},"end":{"line":30,"column":22}},"30":{"start":{"line":31,"column":0},"end":{"line":31,"column":15}},"31":{"start":{"line":32,"column":0},"end":{"line":32,"column":13}},"32":{"start":{"line":33,"column":0},"end":{"line":33,"column":34}},"33":{"start":{"line":34,"column":0},"end":{"line":34,"column":29}},"34":{"start":{"line":35,"column":0},"end":{"line":35,"column":25}},"35":{"start":{"line":36,"column":0},"end":{"line":36,"column":5}},"36":{"start":{"line":37,"column":0},"end":{"line":37,"column":4}},"37":{"start":{"line":38,"column":0},"end":{"line":38,"column":14}},"38":{"start":{"line":39,"column":0},"end":{"line":39,"column":62}},"39":{"start":{"line":40,"column":0},"end":{"line":40,"column":65}},"40":{"start":{"line":41,"column":0},"end":{"line":41,"column":60}},"41":{"start":{"line":42,"column":0},"end":{"line":42,"column":4}},"42":{"start":{"line":43,"column":0},"end":{"line":43,"column":31}},"43":{"start":{"line":44,"column":0},"end":{"line":44,"column":11}},"44":{"start":{"line":45,"column":0},"end":{"line":45,"column":53}},"45":{"start":{"line":46,"column":0},"end":{"line":46,"column":29}},"46":{"start":{"line":47,"column":0},"end":{"line":47,"column":27}},"47":{"start":{"line":48,"column":0},"end":{"line":48,"column":8}},"48":{"start":{"line":49,"column":0},"end":{"line":49,"column":63}},"49":{"start":{"line":50,"column":0},"end":{"line":50,"column":30}},"50":{"start":{"line":51,"column":0},"end":{"line":51,"column":43}},"51":{"start":{"line":52,"column":0},"end":{"line":52,"column":8}},"52":{"start":{"line":53,"column":0},"end":{"line":53,"column":62}},"53":{"start":{"line":54,"column":0},"end":{"line":54,"column":30}},"54":{"start":{"line":55,"column":0},"end":{"line":55,"column":47}},"55":{"start":{"line":56,"column":0},"end":{"line":56,"column":9}},"56":{"start":{"line":57,"column":0},"end":{"line":57,"column":3}},"57":{"start":{"line":58,"column":0},"end":{"line":58,"column":3}},"58":{"start":{"line":59,"column":0},"end":{"line":59,"column":0}},"59":{"start":{"line":60,"column":0},"end":{"line":60,"column":61}},"60":{"start":{"line":61,"column":0},"end":{"line":61,"column":14}},"61":{"start":{"line":62,"column":0},"end":{"line":62,"column":20}},"62":{"start":{"line":63,"column":0},"end":{"line":63,"column":27}},"63":{"start":{"line":64,"column":0},"end":{"line":64,"column":24}},"64":{"start":{"line":65,"column":0},"end":{"line":65,"column":31}},"65":{"start":{"line":66,"column":0},"end":{"line":66,"column":0}},"66":{"start":{"line":67,"column":0},"end":{"line":67,"column":40}}},"s":{"0":1,"1":1,"2":1,"3":1,"4":1,"5":1,"6":1,"7":1,"8":1,"9":1,"10":1,"11":1,"12":1,"13":1,"14":1,"15":1,"16":1,"17":1,"18":1,"19":3,"20":3,"21":3,"22":3,"23":3,"24":3,"25":3,"26":1,"27":1,"28":1,"29":1,"30":1,"31":1,"32":1,"33":0,"34":0,"35":0,"36":1,"37":1,"38":1,"39":1,"40":1,"41":1,"42":1,"43":1,"44":1,"45":3,"46":3,"47":1,"48":1,"49":2,"50":2,"51":1,"52":1,"53":1,"54":1,"55":1,"56":1,"57":1,"58":1,"59":1,"60":1,"61":1,"62":1,"63":1,"64":1,"65":1,"66":1},"branchMap":{"0":{"type":"branch","line":19,"loc":{"start":{"line":19,"column":2},"end":{"line":26,"column":3}},"locations":[{"start":{"line":19,"column":2},"end":{"line":26,"column":3}}]},"1":{"type":"branch","line":39,"loc":{"start":{"line":39,"column":23},"end":{"line":39,"column":49}},"locations":[{"start":{"line":39,"column":23},"end":{"line":39,"column":49}}]},"2":{"type":"branch","line":40,"loc":{"start":{"line":40,"column":30},"end":{"line":40,"column":56}},"locations":[{"start":{"line":40,"column":30},"end":{"line":40,"column":56}}]},"3":{"type":"branch","line":41,"loc":{"start":{"line":41,"column":28},"end":{"line":41,"column":54}},"locations":[{"start":{"line":41,"column":28},"end":{"line":41,"column":54}}]},"4":{"type":"branch","line":43,"loc":{"start":{"line":43,"column":17},"end":{"line":57,"column":3}},"locations":[{"start":{"line":43,"column":17},"end":{"line":57,"column":3}}]},"5":{"type":"branch","line":45,"loc":{"start":{"line":45,"column":41},"end":{"line":48,"column":7}},"locations":[{"start":{"line":45,"column":41},"end":{"line":48,"column":7}}]},"6":{"type":"branch","line":49,"loc":{"start":{"line":49,"column":43},"end":{"line":52,"column":7}},"locations":[{"start":{"line":49,"column":43},"end":{"line":52,"column":7}}]},"7":{"type":"branch","line":53,"loc":{"start":{"line":53,"column":42},"end":{"line":56,"column":7}},"locations":[{"start":{"line":53,"column":42},"end":{"line":56,"column":7}}]}},"b":{"0":[3],"1":[2],"2":[2],"3":[2],"4":[1],"5":[3],"6":[2],"7":[1]},"fnMap":{"0":{"name":"clearIngredients","decl":{"start":{"line":33,"column":22},"end":{"line":36,"column":5}},"loc":{"start":{"line":33,"column":22},"end":{"line":36,"column":5}},"line":33},"1":{"name":"selectIngredients","decl":{"start":{"line":39,"column":23},"end":{"line":39,"column":49}},"loc":{"start":{"line":39,"column":23},"end":{"line":39,"column":49}},"line":39},"2":{"name":"selectIngredientsLoading","decl":{"start":{"line":40,"column":30},"end":{"line":40,"column":56}},"loc":{"start":{"line":40,"column":30},"end":{"line":40,"column":56}},"line":40},"3":{"name":"selectIngredientsError","decl":{"start":{"line":41,"column":28},"end":{"line":41,"column":54}},"loc":{"start":{"line":41,"column":28},"end":{"line":41,"column":54}},"line":41},"4":{"name":"extraReducers","decl":{"start":{"line":43,"column":17},"end":{"line":57,"column":3}},"loc":{"start":{"line":43,"column":17},"end":{"line":57,"column":3}},"line":43}},"f":{"0":0,"1":2,"2":2,"3":2,"4":1}}
,"C:\\Users\\Heaven\\dev\\stellar-burgers\\src\\services\\ordersSlice.ts": {"path":"C:\\Users\\Heaven\\dev\\stellar-burgers\\src\\services\\ordersSlice.ts","all":false,"statementMap":{"0":{"start":{"line":1,"column":0},"end":{"line":1,"column":80}},"1":{"start":{"line":2,"column":0},"end":{"line":2,"column":38}},"2":{"start":{"line":3,"column":0},"end":{"line":3,"column":8}},"3":{"start":{"line":4,"column":0},"end":{"line":4,"column":15}},"4":{"start":{"line":5,"column":0},"end":{"line":5,"column":17}},"5":{"start":{"line":6,"column":0},"end":{"line":6,"column":22}},"6":{"start":{"line":7,"column":0},"end":{"line":7,"column":13}},"7":{"start":{"line":8,"column":0},"end":{"line":8,"column":14}},"8":{"start":{"line":9,"column":0},"end":{"line":9,"column":0}},"9":{"start":{"line":10,"column":0},"end":{"line":10,"column":23}},"10":{"start":{"line":11,"column":0},"end":{"line":11,"column":36}},"11":{"start":{"line":12,"column":0},"end":{"line":12,"column":23}},"12":{"start":{"line":13,"column":0},"end":{"line":13,"column":10}},"13":{"start":{"line":14,"column":0},"end":{"line":14,"column":21}},"14":{"start":{"line":15,"column":0},"end":{"line":15,"column":18}},"15":{"start":{"line":16,"column":0},"end":{"line":16,"column":23}},"16":{"start":{"line":17,"column":0},"end":{"line":17,"column":4}},"17":{"start":{"line":18,"column":0},"end":{"line":18,"column":28}},"18":{"start":{"line":19,"column":0},"end":{"line":19,"column":23}},"19":{"start":{"line":20,"column":0},"end":{"line":20,"column":24}},"20":{"start":{"line":21,"column":0},"end":{"line":21,"column":23}},"21":{"start":{"line":22,"column":0},"end":{"line":22,"column":24}},"22":{"start":{"line":23,"column":0},"end":{"line":23,"column":32}},"23":{"start":{"line":24,"column":0},"end":{"line":24,"column":1}},"24":{"start":{"line":25,"column":0},"end":{"line":25,"column":0}},"25":{"start":{"line":26,"column":0},"end":{"line":26,"column":35}},"26":{"start":{"line":27,"column":0},"end":{"line":27,"column":13}},"27":{"start":{"line":28,"column":0},"end":{"line":28,"column":14}},"28":{"start":{"line":29,"column":0},"end":{"line":29,"column":10}},"29":{"start":{"line":30,"column":0},"end":{"line":30,"column":15}},"30":{"start":{"line":31,"column":0},"end":{"line":31,"column":13}},"31":{"start":{"line":32,"column":0},"end":{"line":32,"column":17}},"32":{"start":{"line":33,"column":0},"end":{"line":33,"column":4}},"33":{"start":{"line":34,"column":0},"end":{"line":34,"column":26}},"34":{"start":{"line":35,"column":0},"end":{"line":35,"column":21}},"35":{"start":{"line":36,"column":0},"end":{"line":36,"column":22}},"36":{"start":{"line":37,"column":0},"end":{"line":37,"column":14}},"37":{"start":{"line":38,"column":0},"end":{"line":38,"column":22}},"38":{"start":{"line":39,"column":0},"end":{"line":39,"column":22}},"39":{"start":{"line":40,"column":0},"end":{"line":40,"column":2}},"40":{"start":{"line":41,"column":0},"end":{"line":41,"column":0}},"41":{"start":{"line":42,"column":0},"end":{"line":42,"column":44}},"42":{"start":{"line":43,"column":0},"end":{"line":43,"column":23}},"43":{"start":{"line":44,"column":0},"end":{"line":44,"column":37}},"44":{"start":{"line":45,"column":0},"end":{"line":45,"column":9}},"45":{"start":{"line":46,"column":0},"end":{"line":46,"column":42}},"46":{"start":{"line":47,"column":0},"end":{"line":47,"column":20}},"47":{"start":{"line":48,"column":0},"end":{"line":48,"column":21}},"48":{"start":{"line":49,"column":0},"end":{"line":49,"column":56}},"49":{"start":{"line":50,"column":0},"end":{"line":50,"column":5}},"50":{"start":{"line":51,"column":0},"end":{"line":51,"column":3}},"51":{"start":{"line":52,"column":0},"end":{"line":52,"column":2}},"52":{"start":{"line":53,"column":0},"end":{"line":53,"column":0}},"53":{"start":{"line":54,"column":0},"end":{"line":54,"column":44}},"54":{"start":{"line":55,"column":0},"end":{"line":55,"column":23}},"55":{"start":{"line":56,"column":0},"end":{"line":56,"column":57}},"56":{"start":{"line":57,"column":0},"end":{"line":57,"column":9}},"57":{"start":{"line":58,"column":0},"end":{"line":58,"column":57}},"58":{"start":{"line":59,"column":0},"end":{"line":59,"column":28}},"59":{"start":{"line":60,"column":0},"end":{"line":60,"column":21}},"60":{"start":{"line":61,"column":0},"end":{"line":61,"column":55}},"61":{"start":{"line":62,"column":0},"end":{"line":62,"column":5}},"62":{"start":{"line":63,"column":0},"end":{"line":63,"column":3}},"63":{"start":{"line":64,"column":0},"end":{"line":64,"column":2}},"64":{"start":{"line":65,"column":0},"end":{"line":65,"column":0}},"65":{"start":{"line":66,"column":0},"end":{"line":66,"column":51}},"66":{"start":{"line":67,"column":0},"end":{"line":67,"column":30}},"67":{"start":{"line":68,"column":0},"end":{"line":68,"column":50}},"68":{"start":{"line":69,"column":0},"end":{"line":69,"column":9}},"69":{"start":{"line":70,"column":0},"end":{"line":70,"column":57}},"70":{"start":{"line":71,"column":0},"end":{"line":71,"column":32}},"71":{"start":{"line":72,"column":0},"end":{"line":72,"column":21}},"72":{"start":{"line":73,"column":0},"end":{"line":73,"column":61}},"73":{"start":{"line":74,"column":0},"end":{"line":74,"column":5}},"74":{"start":{"line":75,"column":0},"end":{"line":75,"column":3}},"75":{"start":{"line":76,"column":0},"end":{"line":76,"column":2}},"76":{"start":{"line":77,"column":0},"end":{"line":77,"column":0}},"77":{"start":{"line":78,"column":0},"end":{"line":78,"column":43}},"78":{"start":{"line":79,"column":0},"end":{"line":79,"column":22}},"79":{"start":{"line":80,"column":0},"end":{"line":80,"column":37}},"80":{"start":{"line":81,"column":0},"end":{"line":81,"column":9}},"81":{"start":{"line":82,"column":0},"end":{"line":82,"column":40}},"82":{"start":{"line":83,"column":0},"end":{"line":83,"column":19}},"83":{"start":{"line":84,"column":0},"end":{"line":84,"column":21}},"84":{"start":{"line":85,"column":0},"end":{"line":85,"column":62}},"85":{"start":{"line":86,"column":0},"end":{"line":86,"column":5}},"86":{"start":{"line":87,"column":0},"end":{"line":87,"column":3}},"87":{"start":{"line":88,"column":0},"end":{"line":88,"column":2}},"88":{"start":{"line":89,"column":0},"end":{"line":89,"column":0}},"89":{"start":{"line":90,"column":0},"end":{"line":90,"column":33}},"90":{"start":{"line":91,"column":0},"end":{"line":91,"column":17}},"91":{"start":{"line":92,"column":0},"end":{"line":92,"column":15}},"92":{"start":{"line":93,"column":0},"end":{"line":93,"column":13}},"93":{"start":{"line":94,"column":0},"end":{"line":94,"column":28}},"94":{"start":{"line":95,"column":0},"end":{"line":95,"column":25}},"95":{"start":{"line":96,"column":0},"end":{"line":96,"column":6}},"96":{"start":{"line":97,"column":0},"end":{"line":97,"column":28}},"97":{"start":{"line":98,"column":0},"end":{"line":98,"column":25}},"98":{"start":{"line":99,"column":0},"end":{"line":99,"column":6}},"99":{"start":{"line":100,"column":0},"end":{"line":100,"column":36}},"100":{"start":{"line":101,"column":0},"end":{"line":101,"column":33}},"101":{"start":{"line":102,"column":0},"end":{"line":102,"column":34}},"102":{"start":{"line":103,"column":0},"end":{"line":103,"column":5}},"103":{"start":{"line":104,"column":0},"end":{"line":104,"column":4}},"104":{"start":{"line":105,"column":0},"end":{"line":105,"column":14}},"105":{"start":{"line":106,"column":0},"end":{"line":106,"column":52}},"106":{"start":{"line":107,"column":0},"end":{"line":107,"column":50}},"107":{"start":{"line":108,"column":0},"end":{"line":108,"column":50}},"108":{"start":{"line":109,"column":0},"end":{"line":109,"column":62}},"109":{"start":{"line":110,"column":0},"end":{"line":110,"column":72}},"110":{"start":{"line":111,"column":0},"end":{"line":111,"column":64}},"111":{"start":{"line":112,"column":0},"end":{"line":112,"column":50}},"112":{"start":{"line":113,"column":0},"end":{"line":113,"column":64}},"113":{"start":{"line":114,"column":0},"end":{"line":114,"column":67}},"114":{"start":{"line":115,"column":0},"end":{"line":115,"column":4}},"115":{"start":{"line":116,"column":0},"end":{"line":116,"column":31}},"116":{"start":{"line":117,"column":0},"end":{"line":117,"column":18}},"117":{"start":{"line":118,"column":0},"end":{"line":118,"column":11}},"118":{"start":{"line":119,"column":0},"end":{"line":119,"column":48}},"119":{"start":{"line":120,"column":0},"end":{"line":120,"column":38}},"120":{"start":{"line":121,"column":0},"end":{"line":121,"column":27}},"121":{"start":{"line":122,"column":0},"end":{"line":122,"column":8}},"122":{"start":{"line":123,"column":0},"end":{"line":123,"column":15}},"123":{"start":{"line":124,"column":0},"end":{"line":124,"column":30}},"124":{"start":{"line":125,"column":0},"end":{"line":125,"column":53}},"125":{"start":{"line":126,"column":0},"end":{"line":126,"column":41}},"126":{"start":{"line":127,"column":0},"end":{"line":127,"column":40}},"127":{"start":{"line":128,"column":0},"end":{"line":128,"column":9}},"128":{"start":{"line":129,"column":0},"end":{"line":129,"column":7}},"129":{"start":{"line":130,"column":0},"end":{"line":130,"column":57}},"130":{"start":{"line":131,"column":0},"end":{"line":131,"column":39}},"131":{"start":{"line":132,"column":0},"end":{"line":132,"column":47}},"132":{"start":{"line":133,"column":0},"end":{"line":133,"column":8}},"133":{"start":{"line":134,"column":0},"end":{"line":134,"column":20}},"134":{"start":{"line":135,"column":0},"end":{"line":135,"column":48}},"135":{"start":{"line":136,"column":0},"end":{"line":136,"column":27}},"136":{"start":{"line":137,"column":0},"end":{"line":137,"column":34}},"137":{"start":{"line":138,"column":0},"end":{"line":138,"column":8}},"138":{"start":{"line":139,"column":0},"end":{"line":139,"column":15}},"139":{"start":{"line":140,"column":0},"end":{"line":140,"column":30}},"140":{"start":{"line":141,"column":0},"end":{"line":141,"column":51}},"141":{"start":{"line":142,"column":0},"end":{"line":142,"column":39}},"142":{"start":{"line":143,"column":0},"end":{"line":143,"column":37}},"143":{"start":{"line":144,"column":0},"end":{"line":144,"column":48}},"144":{"start":{"line":145,"column":0},"end":{"line":145,"column":9}},"145":{"start":{"line":146,"column":0},"end":{"line":146,"column":7}},"146":{"start":{"line":147,"column":0},"end":{"line":147,"column":57}},"147":{"start":{"line":148,"column":0},"end":{"line":148,"column":47}},"148":{"start":{"line":149,"column":0},"end":{"line":149,"column":35}},"149":{"start":{"line":150,"column":0},"end":{"line":150,"column":8}},"150":{"start":{"line":151,"column":0},"end":{"line":151,"column":27}},"151":{"start":{"line":152,"column":0},"end":{"line":152,"column":55}},"152":{"start":{"line":153,"column":0},"end":{"line":153,"column":34}},"153":{"start":{"line":154,"column":0},"end":{"line":154,"column":27}},"154":{"start":{"line":155,"column":0},"end":{"line":155,"column":8}},"155":{"start":{"line":156,"column":0},"end":{"line":156,"column":15}},"156":{"start":{"line":157,"column":0},"end":{"line":157,"column":37}},"157":{"start":{"line":158,"column":0},"end":{"line":158,"column":51}},"158":{"start":{"line":159,"column":0},"end":{"line":159,"column":37}},"159":{"start":{"line":160,"column":0},"end":{"line":160,"column":39}},"160":{"start":{"line":161,"column":0},"end":{"line":161,"column":9}},"161":{"start":{"line":162,"column":0},"end":{"line":162,"column":7}},"162":{"start":{"line":163,"column":0},"end":{"line":163,"column":64}},"163":{"start":{"line":164,"column":0},"end":{"line":164,"column":35}},"164":{"start":{"line":165,"column":0},"end":{"line":165,"column":47}},"165":{"start":{"line":166,"column":0},"end":{"line":166,"column":8}},"166":{"start":{"line":167,"column":0},"end":{"line":167,"column":19}},"167":{"start":{"line":168,"column":0},"end":{"line":168,"column":47}},"168":{"start":{"line":169,"column":0},"end":{"line":169,"column":33}},"169":{"start":{"line":170,"column":0},"end":{"line":170,"column":27}},"170":{"start":{"line":171,"column":0},"end":{"line":171,"column":8}},"171":{"start":{"line":172,"column":0},"end":{"line":172,"column":15}},"172":{"start":{"line":173,"column":0},"end":{"line":173,"column":29}},"173":{"start":{"line":174,"column":0},"end":{"line":174,"column":9}},"174":{"start":{"line":175,"column":0},"end":{"line":175,"column":16}},"175":{"start":{"line":176,"column":0},"end":{"line":176,"column":33}},"176":{"start":{"line":177,"column":0},"end":{"line":177,"column":29}},"177":{"start":{"line":178,"column":0},"end":{"line":178,"column":26}},"178":{"start":{"line":179,"column":0},"end":{"line":179,"column":31}},"179":{"start":{"line":180,"column":0},"end":{"line":180,"column":12}},"180":{"start":{"line":181,"column":0},"end":{"line":181,"column":14}},"181":{"start":{"line":182,"column":0},"end":{"line":182,"column":36}},"182":{"start":{"line":183,"column":0},"end":{"line":183,"column":39}},"183":{"start":{"line":184,"column":0},"end":{"line":184,"column":9}},"184":{"start":{"line":185,"column":0},"end":{"line":185,"column":7}},"185":{"start":{"line":186,"column":0},"end":{"line":186,"column":56}},"186":{"start":{"line":187,"column":0},"end":{"line":187,"column":34}},"187":{"start":{"line":188,"column":0},"end":{"line":188,"column":47}},"188":{"start":{"line":189,"column":0},"end":{"line":189,"column":9}},"189":{"start":{"line":190,"column":0},"end":{"line":190,"column":3}},"190":{"start":{"line":191,"column":0},"end":{"line":191,"column":3}},"191":{"start":{"line":192,"column":0},"end":{"line":192,"column":0}},"192":{"start":{"line":193,"column":0},"end":{"line":193,"column":79}},"193":{"start":{"line":194,"column":0},"end":{"line":194,"column":14}},"194":{"start":{"line":195,"column":0},"end":{"line":195,"column":15}},"195":{"start":{"line":196,"column":0},"end":{"line":196,"column":14}},"196":{"start":{"line":197,"column":0},"end":{"line":197,"column":14}},"197":{"start":{"line":198,"column":0},"end":{"line":198,"column":25}},"198":{"start":{"line":199,"column":0},"end":{"line":199,"column":20}},"199":{"start":{"line":200,"column":0},"end":{"line":200,"column":21}},"200":{"start":{"line":201,"column":0},"end":{"line":201,"column":14}},"201":{"start":{"line":202,"column":0},"end":{"line":202,"column":21}},"202":{"start":{"line":203,"column":0},"end":{"line":203,"column":22}},"203":{"start":{"line":204,"column":0},"end":{"line":204,"column":26}},"204":{"start":{"line":205,"column":0},"end":{"line":205,"column":35}}},"s":{"0":1,"1":1,"2":1,"3":1,"4":1,"5":1,"6":1,"7":1,"8":1,"9":1,"10":1,"11":1,"12":1,"13":1,"14":1,"15":1,"16":1,"17":1,"18":1,"19":1,"20":1,"21":1,"22":1,"23":1,"24":1,"25":1,"26":1,"27":1,"28":1,"29":1,"30":1,"31":1,"32":1,"33":1,"34":1,"35":1,"36":1,"37":1,"38":1,"39":1,"40":1,"41":1,"42":1,"43":1,"44":2,"45":2,"46":2,"47":2,"48":2,"49":2,"50":2,"51":1,"52":1,"53":1,"54":1,"55":1,"56":2,"57":2,"58":2,"59":2,"60":2,"61":2,"62":2,"63":1,"64":1,"65":1,"66":1,"67":1,"68":1,"69":1,"70":1,"71":1,"72":1,"73":1,"74":1,"75":1,"76":1,"77":1,"78":1,"79":1,"80":2,"81":2,"82":2,"83":2,"84":2,"85":2,"86":2,"87":1,"88":1,"89":1,"90":1,"91":1,"92":1,"93":1,"94":0,"95":1,"96":1,"97":0,"98":1,"99":1,"100":1,"101":0,"102":0,"103":1,"104":1,"105":1,"106":1,"107":1,"108":1,"109":1,"110":1,"111":1,"112":1,"113":1,"114":1,"115":1,"116":1,"117":1,"118":1,"119":2,"120":2,"121":1,"122":1,"123":1,"124":1,"125":1,"126":1,"127":1,"128":1,"129":1,"130":1,"131":1,"132":1,"133":1,"134":1,"135":2,"136":2,"137":1,"138":1,"139":1,"140":1,"141":1,"142":1,"143":1,"144":1,"145":1,"146":1,"147":1,"148":1,"149":1,"150":1,"151":1,"152":1,"153":1,"154":1,"155":1,"156":1,"157":1,"158":1,"159":1,"160":1,"161":1,"162":1,"163":0,"164":0,"165":1,"166":1,"167":1,"168":2,"169":2,"170":1,"171":1,"172":1,"173":1,"174":1,"175":1,"176":1,"177":1,"178":1,"179":1,"180":1,"181":1,"182":1,"183":1,"184":1,"185":1,"186":1,"187":1,"188":1,"189":1,"190":1,"191":1,"192":1,"193":1,"194":1,"195":1,"196":1,"197":1,"198":1,"199":1,"200":1,"201":1,"202":1,"203":1,"204":1},"branchMap":{"0":{"type":"branch","line":44,"loc":{"start":{"line":44,"column":2},"end":{"line":51,"column":3}},"locations":[{"start":{"line":44,"column":2},"end":{"line":51,"column":3}}]},"1":{"type":"branch","line":56,"loc":{"start":{"line":56,"column":2},"end":{"line":63,"column":3}},"locations":[{"start":{"line":56,"column":2},"end":{"line":63,"column":3}}]},"2":{"type":"branch","line":68,"loc":{"start":{"line":68,"column":2},"end":{"line":75,"column":3}},"locations":[{"start":{"line":68,"column":2},"end":{"line":75,"column":3}}]},"3":{"type":"branch","line":80,"loc":{"start":{"line":80,"column":2},"end":{"line":87,"column":3}},"locations":[{"start":{"line":80,"column":2},"end":{"line":87,"column":3}}]},"4":{"type":"branch","line":116,"loc":{"start":{"line":116,"column":17},"end":{"line":190,"column":3}},"locations":[{"start":{"line":116,"column":17},"end":{"line":190,"column":3}}]},"5":{"type":"branch","line":119,"loc":{"start":{"line":119,"column":36},"end":{"line":122,"column":7}},"locations":[{"start":{"line":119,"column":36},"end":{"line":122,"column":7}}]},"6":{"type":"branch","line":125,"loc":{"start":{"line":125,"column":8},"end":{"line":128,"column":9}},"locations":[{"start":{"line":125,"column":8},"end":{"line":128,"column":9}}]},"7":{"type":"branch","line":130,"loc":{"start":{"line":130,"column":37},"end":{"line":133,"column":7}},"locations":[{"start":{"line":130,"column":37},"end":{"line":133,"column":7}}]},"8":{"type":"branch","line":135,"loc":{"start":{"line":135,"column":36},"end":{"line":138,"column":7}},"locations":[{"start":{"line":135,"column":36},"end":{"line":138,"column":7}}]},"9":{"type":"branch","line":141,"loc":{"start":{"line":141,"column":8},"end":{"line":145,"column":9}},"locations":[{"start":{"line":141,"column":8},"end":{"line":145,"column":9}}]},"10":{"type":"branch","line":147,"loc":{"start":{"line":147,"column":37},"end":{"line":150,"column":7}},"locations":[{"start":{"line":147,"column":37},"end":{"line":150,"column":7}}]},"11":{"type":"branch","line":152,"loc":{"start":{"line":152,"column":43},"end":{"line":155,"column":7}},"locations":[{"start":{"line":152,"column":43},"end":{"line":155,"column":7}}]},"12":{"type":"branch","line":158,"loc":{"start":{"line":158,"column":8},"end":{"line":161,"column":9}},"locations":[{"start":{"line":158,"column":8},"end":{"line":161,"column":9}}]},"13":{"type":"branch","line":168,"loc":{"start":{"line":168,"column":35},"end":{"line":171,"column":7}},"locations":[{"start":{"line":168,"column":35},"end":{"line":171,"column":7}}]},"14":{"type":"branch","line":174,"loc":{"start":{"line":174,"column":8},"end":{"line":184,"column":9}},"locations":[{"start":{"line":174,"column":8},"end":{"line":184,"column":9}}]},"15":{"type":"branch","line":186,"loc":{"start":{"line":186,"column":36},"end":{"line":189,"column":7}},"locations":[{"start":{"line":186,"column":36},"end":{"line":189,"column":7}}]}},"b":{"0":[2],"1":[2],"2":[1],"3":[2],"4":[1],"5":[2],"6":[1],"7":[1],"8":[2],"9":[1],"10":[1],"11":[1],"12":[1],"13":[2],"14":[1],"15":[1]},"fnMap":{"0":{"name":"clearOrder","decl":{"start":{"line":94,"column":16},"end":{"line":96,"column":5}},"loc":{"start":{"line":94,"column":16},"end":{"line":96,"column":5}},"line":94},"1":{"name":"clearError","decl":{"start":{"line":97,"column":16},"end":{"line":99,"column":5}},"loc":{"start":{"line":97,"column":16},"end":{"line":99,"column":5}},"line":97},"2":{"name":"closeOrderModal","decl":{"start":{"line":101,"column":21},"end":{"line":103,"column":5}},"loc":{"start":{"line":101,"column":21},"end":{"line":103,"column":5}},"line":101},"3":{"name":"selectOrders","decl":{"start":{"line":106,"column":18},"end":{"line":106,"column":44}},"loc":{"start":{"line":106,"column":18},"end":{"line":106,"column":44}},"line":106},"4":{"name":"selectOrder","decl":{"start":{"line":107,"column":17},"end":{"line":107,"column":43}},"loc":{"start":{"line":107,"column":17},"end":{"line":107,"column":43}},"line":107},"5":{"name":"selectFeeds","decl":{"start":{"line":108,"column":17},"end":{"line":108,"column":43}},"loc":{"start":{"line":108,"column":17},"end":{"line":108,"column":43}},"line":108},"6":{"name":"selectLoadingFeed","decl":{"start":{"line":109,"column":23},"end":{"line":109,"column":49}},"loc":{"start":{"line":109,"column":23},"end":{"line":109,"column":49}},"line":109},"7":{"name":"selectLoadingAllOrders","decl":{"start":{"line":110,"column":28},"end":{"line":110,"column":54}},"loc":{"start":{"line":110,"column":28},"end":{"line":110,"column":54}},"line":110},"8":{"name":"selectLoadingOrder","decl":{"start":{"line":111,"column":24},"end":{"line":111,"column":50}},"loc":{"start":{"line":111,"column":24},"end":{"line":111,"column":50}},"line":111},"9":{"name":"selectError","decl":{"start":{"line":112,"column":17},"end":{"line":112,"column":43}},"loc":{"start":{"line":112,"column":17},"end":{"line":112,"column":43}},"line":112},"10":{"name":"selectOrderRequest","decl":{"start":{"line":113,"column":24},"end":{"line":113,"column":50}},"loc":{"start":{"line":113,"column":24},"end":{"line":113,"column":50}},"line":113},"11":{"name":"selectOrderModalData","decl":{"start":{"line":114,"column":26},"end":{"line":114,"column":52}},"loc":{"start":{"line":114,"column":26},"end":{"line":114,"column":52}},"line":114},"12":{"name":"extraReducers","decl":{"start":{"line":116,"column":17},"end":{"line":190,"column":3}},"loc":{"start":{"line":116,"column":17},"end":{"line":190,"column":3}},"line":116}},"f":{"0":0,"1":0,"2":0,"3":0,"4":0,"5":0,"6":0,"7":0,"8":0,"9":0,"10":0,"11":0,"12":1}}
,"C:\\Users\\Heaven\\dev\\stellar-burgers\\src\\services\\profileSlice.ts": {"path":"C:\\Users\\Heaven\\dev\\stellar-burgers\\src\\services\\profileSlice.ts","all":false,"statementMap":{"0":{"start":{"line":1,"column":0},"end":{"line":1,"column":65}},"1":{"start":{"line":2,"column":0},"end":{"line":2,"column":37}},"2":{"start":{"line":3,"column":0},"end":{"line":3,"column":8}},"3":{"start":{"line":4,"column":0},"end":{"line":4,"column":18}},"4":{"start":{"line":5,"column":0},"end":{"line":5,"column":15}},"5":{"start":{"line":6,"column":0},"end":{"line":6,"column":20}},"6":{"start":{"line":7,"column":0},"end":{"line":7,"column":19}},"7":{"start":{"line":8,"column":0},"end":{"line":8,"column":13}},"8":{"start":{"line":9,"column":0},"end":{"line":9,"column":16}},"9":{"start":{"line":10,"column":0},"end":{"line":10,"column":12}},"10":{"start":{"line":11,"column":0},"end":{"line":11,"column":15}},"11":{"start":{"line":12,"column":0},"end":{"line":12,"column":16}},"12":{"start":{"line":13,"column":0},"end":{"line":13,"column":12}},"13":{"start":{"line":14,"column":0},"end":{"line":14,"column":14}},"14":{"start":{"line":15,"column":0},"end":{"line":15,"column":69}},"15":{"start":{"line":16,"column":0},"end":{"line":16,"column":0}},"16":{"start":{"line":17,"column":0},"end":{"line":17,"column":25}},"17":{"start":{"line":18,"column":0},"end":{"line":18,"column":21}},"18":{"start":{"line":19,"column":0},"end":{"line":19,"column":25}},"19":{"start":{"line":20,"column":0},"end":{"line":20,"column":27}},"20":{"start":{"line":21,"column":0},"end":{"line":21,"column":19}},"21":{"start":{"line":22,"column":0},"end":{"line":22,"column":35}},"22":{"start":{"line":23,"column":0},"end":{"line":23,"column":2}},"23":{"start":{"line":24,"column":0},"end":{"line":24,"column":0}},"24":{"start":{"line":25,"column":0},"end":{"line":25,"column":33}},"25":{"start":{"line":26,"column":0},"end":{"line":26,"column":13}},"26":{"start":{"line":27,"column":0},"end":{"line":27,"column":23}},"27":{"start":{"line":28,"column":0},"end":{"line":28,"column":25}},"28":{"start":{"line":29,"column":0},"end":{"line":29,"column":17}},"29":{"start":{"line":30,"column":0},"end":{"line":30,"column":18}},"30":{"start":{"line":31,"column":0},"end":{"line":31,"column":2}},"31":{"start":{"line":32,"column":0},"end":{"line":32,"column":0}},"32":{"start":{"line":33,"column":0},"end":{"line":33,"column":45}},"33":{"start":{"line":34,"column":0},"end":{"line":34,"column":22}},"34":{"start":{"line":35,"column":0},"end":{"line":35,"column":55}},"35":{"start":{"line":36,"column":0},"end":{"line":36,"column":9}},"36":{"start":{"line":37,"column":0},"end":{"line":37,"column":51}},"37":{"start":{"line":38,"column":0},"end":{"line":38,"column":53}},"38":{"start":{"line":39,"column":0},"end":{"line":39,"column":66}},"39":{"start":{"line":40,"column":0},"end":{"line":40,"column":22}},"40":{"start":{"line":41,"column":0},"end":{"line":41,"column":21}},"41":{"start":{"line":42,"column":0},"end":{"line":42,"column":55}},"42":{"start":{"line":43,"column":0},"end":{"line":43,"column":5}},"43":{"start":{"line":44,"column":0},"end":{"line":44,"column":3}},"44":{"start":{"line":45,"column":0},"end":{"line":45,"column":2}},"45":{"start":{"line":46,"column":0},"end":{"line":46,"column":0}},"46":{"start":{"line":47,"column":0},"end":{"line":47,"column":42}},"47":{"start":{"line":48,"column":0},"end":{"line":48,"column":19}},"48":{"start":{"line":49,"column":0},"end":{"line":49,"column":52}},"49":{"start":{"line":50,"column":0},"end":{"line":50,"column":9}},"50":{"start":{"line":51,"column":0},"end":{"line":51,"column":48}},"51":{"start":{"line":52,"column":0},"end":{"line":52,"column":53}},"52":{"start":{"line":53,"column":0},"end":{"line":53,"column":66}},"53":{"start":{"line":54,"column":0},"end":{"line":54,"column":22}},"54":{"start":{"line":55,"column":0},"end":{"line":55,"column":21}},"55":{"start":{"line":56,"column":0},"end":{"line":56,"column":50}},"56":{"start":{"line":57,"column":0},"end":{"line":57,"column":5}},"57":{"start":{"line":58,"column":0},"end":{"line":58,"column":3}},"58":{"start":{"line":59,"column":0},"end":{"line":59,"column":2}},"59":{"start":{"line":60,"column":0},"end":{"line":60,"column":0}},"60":{"start":{"line":61,"column":0},"end":{"line":61,"column":47}},"61":{"start":{"line":62,"column":0},"end":{"line":62,"column":24}},"62":{"start":{"line":63,"column":0},"end":{"line":63,"column":59}},"63":{"start":{"line":64,"column":0},"end":{"line":64,"column":9}},"64":{"start":{"line":65,"column":0},"end":{"line":65,"column":53}},"65":{"start":{"line":66,"column":0},"end":{"line":66,"column":22}},"66":{"start":{"line":67,"column":0},"end":{"line":67,"column":21}},"67":{"start":{"line":68,"column":0},"end":{"line":68,"column":61}},"68":{"start":{"line":69,"column":0},"end":{"line":69,"column":5}},"69":{"start":{"line":70,"column":0},"end":{"line":70,"column":3}},"70":{"start":{"line":71,"column":0},"end":{"line":71,"column":2}},"71":{"start":{"line":72,"column":0},"end":{"line":72,"column":0}},"72":{"start":{"line":73,"column":0},"end":{"line":73,"column":46}},"73":{"start":{"line":74,"column":0},"end":{"line":74,"column":23}},"74":{"start":{"line":75,"column":0},"end":{"line":75,"column":77}},"75":{"start":{"line":76,"column":0},"end":{"line":76,"column":9}},"76":{"start":{"line":77,"column":0},"end":{"line":77,"column":52}},"77":{"start":{"line":78,"column":0},"end":{"line":78,"column":22}},"78":{"start":{"line":79,"column":0},"end":{"line":79,"column":21}},"79":{"start":{"line":80,"column":0},"end":{"line":80,"column":53}},"80":{"start":{"line":81,"column":0},"end":{"line":81,"column":5}},"81":{"start":{"line":82,"column":0},"end":{"line":82,"column":3}},"82":{"start":{"line":83,"column":0},"end":{"line":83,"column":2}},"83":{"start":{"line":84,"column":0},"end":{"line":84,"column":0}},"84":{"start":{"line":85,"column":0},"end":{"line":85,"column":40}},"85":{"start":{"line":86,"column":0},"end":{"line":86,"column":17}},"86":{"start":{"line":87,"column":0},"end":{"line":87,"column":37}},"87":{"start":{"line":88,"column":0},"end":{"line":88,"column":9}},"88":{"start":{"line":89,"column":0},"end":{"line":89,"column":42}},"89":{"start":{"line":90,"column":0},"end":{"line":90,"column":22}},"90":{"start":{"line":91,"column":0},"end":{"line":91,"column":21}},"91":{"start":{"line":92,"column":0},"end":{"line":92,"column":58}},"92":{"start":{"line":93,"column":0},"end":{"line":93,"column":5}},"93":{"start":{"line":94,"column":0},"end":{"line":94,"column":3}},"94":{"start":{"line":95,"column":0},"end":{"line":95,"column":2}},"95":{"start":{"line":96,"column":0},"end":{"line":96,"column":0}},"96":{"start":{"line":97,"column":0},"end":{"line":97,"column":43}},"97":{"start":{"line":98,"column":0},"end":{"line":98,"column":20}},"98":{"start":{"line":99,"column":0},"end":{"line":99,"column":64}},"99":{"start":{"line":100,"column":0},"end":{"line":100,"column":9}},"100":{"start":{"line":101,"column":0},"end":{"line":101,"column":49}},"101":{"start":{"line":102,"column":0},"end":{"line":102,"column":22}},"102":{"start":{"line":103,"column":0},"end":{"line":103,"column":21}},"103":{"start":{"line":104,"column":0},"end":{"line":104,"column":70}},"104":{"start":{"line":105,"column":0},"end":{"line":105,"column":5}},"105":{"start":{"line":106,"column":0},"end":{"line":106,"column":3}},"106":{"start":{"line":107,"column":0},"end":{"line":107,"column":2}},"107":{"start":{"line":108,"column":0},"end":{"line":108,"column":0}},"108":{"start":{"line":109,"column":0},"end":{"line":109,"column":43}},"109":{"start":{"line":110,"column":0},"end":{"line":110,"column":20}},"110":{"start":{"line":111,"column":0},"end":{"line":111,"column":37}},"111":{"start":{"line":112,"column":0},"end":{"line":112,"column":9}},"112":{"start":{"line":113,"column":0},"end":{"line":113,"column":41}},"113":{"start":{"line":114,"column":0},"end":{"line":114,"column":34}},"114":{"start":{"line":115,"column":0},"end":{"line":115,"column":46}},"115":{"start":{"line":116,"column":0},"end":{"line":116,"column":22}},"116":{"start":{"line":117,"column":0},"end":{"line":117,"column":21}},"117":{"start":{"line":118,"column":0},"end":{"line":118,"column":46}},"118":{"start":{"line":119,"column":0},"end":{"line":119,"column":5}},"119":{"start":{"line":120,"column":0},"end":{"line":120,"column":3}},"120":{"start":{"line":121,"column":0},"end":{"line":121,"column":2}},"121":{"start":{"line":122,"column":0},"end":{"line":122,"column":0}},"122":{"start":{"line":123,"column":0},"end":{"line":123,"column":49}},"123":{"start":{"line":124,"column":0},"end":{"line":124,"column":22}},"124":{"start":{"line":125,"column":0},"end":{"line":125,"column":37}},"125":{"start":{"line":126,"column":0},"end":{"line":126,"column":9}},"126":{"start":{"line":127,"column":0},"end":{"line":127,"column":44}},"127":{"start":{"line":128,"column":0},"end":{"line":128,"column":22}},"128":{"start":{"line":129,"column":0},"end":{"line":129,"column":21}},"129":{"start":{"line":130,"column":0},"end":{"line":130,"column":57}},"130":{"start":{"line":131,"column":0},"end":{"line":131,"column":5}},"131":{"start":{"line":132,"column":0},"end":{"line":132,"column":3}},"132":{"start":{"line":133,"column":0},"end":{"line":133,"column":2}},"133":{"start":{"line":134,"column":0},"end":{"line":134,"column":0}},"134":{"start":{"line":135,"column":0},"end":{"line":135,"column":46}},"135":{"start":{"line":136,"column":0},"end":{"line":136,"column":19}},"136":{"start":{"line":137,"column":0},"end":{"line":137,"column":30}},"137":{"start":{"line":138,"column":0},"end":{"line":138,"column":35}},"138":{"start":{"line":139,"column":0},"end":{"line":139,"column":32}},"139":{"start":{"line":140,"column":0},"end":{"line":140,"column":5}},"140":{"start":{"line":141,"column":0},"end":{"line":141,"column":3}},"141":{"start":{"line":142,"column":0},"end":{"line":142,"column":2}},"142":{"start":{"line":143,"column":0},"end":{"line":143,"column":0}},"143":{"start":{"line":144,"column":0},"end":{"line":144,"column":34}},"144":{"start":{"line":145,"column":0},"end":{"line":145,"column":15}},"145":{"start":{"line":146,"column":0},"end":{"line":146,"column":15}},"146":{"start":{"line":147,"column":0},"end":{"line":147,"column":13}},"147":{"start":{"line":148,"column":0},"end":{"line":148,"column":28}},"148":{"start":{"line":149,"column":0},"end":{"line":149,"column":25}},"149":{"start":{"line":150,"column":0},"end":{"line":150,"column":5}},"150":{"start":{"line":151,"column":0},"end":{"line":151,"column":4}},"151":{"start":{"line":152,"column":0},"end":{"line":152,"column":14}},"152":{"start":{"line":153,"column":0},"end":{"line":153,"column":59}},"153":{"start":{"line":154,"column":0},"end":{"line":154,"column":53}},"154":{"start":{"line":155,"column":0},"end":{"line":155,"column":33}},"155":{"start":{"line":156,"column":0},"end":{"line":156,"column":77}},"156":{"start":{"line":157,"column":0},"end":{"line":157,"column":65}},"157":{"start":{"line":158,"column":0},"end":{"line":158,"column":60}},"158":{"start":{"line":159,"column":0},"end":{"line":159,"column":4}},"159":{"start":{"line":160,"column":0},"end":{"line":160,"column":31}},"160":{"start":{"line":161,"column":0},"end":{"line":161,"column":11}},"161":{"start":{"line":162,"column":0},"end":{"line":162,"column":20}},"162":{"start":{"line":163,"column":0},"end":{"line":163,"column":49}},"163":{"start":{"line":164,"column":0},"end":{"line":164,"column":29}},"164":{"start":{"line":165,"column":0},"end":{"line":165,"column":27}},"165":{"start":{"line":166,"column":0},"end":{"line":166,"column":8}},"166":{"start":{"line":167,"column":0},"end":{"line":167,"column":59}},"167":{"start":{"line":168,"column":0},"end":{"line":168,"column":30}},"168":{"start":{"line":169,"column":0},"end":{"line":169,"column":41}},"169":{"start":{"line":170,"column":0},"end":{"line":170,"column":37}},"170":{"start":{"line":171,"column":0},"end":{"line":171,"column":35}},"171":{"start":{"line":172,"column":0},"end":{"line":172,"column":8}},"172":{"start":{"line":173,"column":0},"end":{"line":173,"column":58}},"173":{"start":{"line":174,"column":0},"end":{"line":174,"column":30}},"174":{"start":{"line":175,"column":0},"end":{"line":175,"column":47}},"175":{"start":{"line":176,"column":0},"end":{"line":176,"column":8}},"176":{"start":{"line":177,"column":0},"end":{"line":177,"column":13}},"177":{"start":{"line":178,"column":0},"end":{"line":178,"column":46}},"178":{"start":{"line":179,"column":0},"end":{"line":179,"column":29}},"179":{"start":{"line":180,"column":0},"end":{"line":180,"column":27}},"180":{"start":{"line":181,"column":0},"end":{"line":181,"column":8}},"181":{"start":{"line":182,"column":0},"end":{"line":182,"column":56}},"182":{"start":{"line":183,"column":0},"end":{"line":183,"column":30}},"183":{"start":{"line":184,"column":0},"end":{"line":184,"column":41}},"184":{"start":{"line":185,"column":0},"end":{"line":185,"column":37}},"185":{"start":{"line":186,"column":0},"end":{"line":186,"column":35}},"186":{"start":{"line":187,"column":0},"end":{"line":187,"column":8}},"187":{"start":{"line":188,"column":0},"end":{"line":188,"column":55}},"188":{"start":{"line":189,"column":0},"end":{"line":189,"column":30}},"189":{"start":{"line":190,"column":0},"end":{"line":190,"column":47}},"190":{"start":{"line":191,"column":0},"end":{"line":191,"column":8}},"191":{"start":{"line":192,"column":0},"end":{"line":192,"column":22}},"192":{"start":{"line":193,"column":0},"end":{"line":193,"column":51}},"193":{"start":{"line":194,"column":0},"end":{"line":194,"column":29}},"194":{"start":{"line":195,"column":0},"end":{"line":195,"column":27}},"195":{"start":{"line":196,"column":0},"end":{"line":196,"column":8}},"196":{"start":{"line":197,"column":0},"end":{"line":197,"column":53}},"197":{"start":{"line":198,"column":0},"end":{"line":198,"column":30}},"198":{"start":{"line":199,"column":0},"end":{"line":199,"column":8}},"199":{"start":{"line":200,"column":0},"end":{"line":200,"column":60}},"200":{"start":{"line":201,"column":0},"end":{"line":201,"column":30}},"201":{"start":{"line":202,"column":0},"end":{"line":202,"column":47}},"202":{"start":{"line":203,"column":0},"end":{"line":203,"column":8}},"203":{"start":{"line":204,"column":0},"end":{"line":204,"column":21}},"204":{"start":{"line":205,"column":0},"end":{"line":205,"column":50}},"205":{"start":{"line":206,"column":0},"end":{"line":206,"column":29}},"206":{"start":{"line":207,"column":0},"end":{"line":207,"column":27}},"207":{"start":{"line":208,"column":0},"end":{"line":208,"column":8}},"208":{"start":{"line":209,"column":0},"end":{"line":209,"column":52}},"209":{"start":{"line":210,"column":0},"end":{"line":210,"column":30}},"210":{"start":{"line":211,"column":0},"end":{"line":211,"column":8}},"211":{"start":{"line":212,"column":0},"end":{"line":212,"column":59}},"212":{"start":{"line":213,"column":0},"end":{"line":213,"column":30}},"213":{"start":{"line":214,"column":0},"end":{"line":214,"column":47}},"214":{"start":{"line":215,"column":0},"end":{"line":215,"column":8}},"215":{"start":{"line":216,"column":0},"end":{"line":216,"column":31}},"216":{"start":{"line":217,"column":0},"end":{"line":217,"column":44}},"217":{"start":{"line":218,"column":0},"end":{"line":218,"column":29}},"218":{"start":{"line":219,"column":0},"end":{"line":219,"column":27}},"219":{"start":{"line":220,"column":0},"end":{"line":220,"column":8}},"220":{"start":{"line":221,"column":0},"end":{"line":221,"column":54}},"221":{"start":{"line":222,"column":0},"end":{"line":222,"column":30}},"222":{"start":{"line":223,"column":0},"end":{"line":223,"column":41}},"223":{"start":{"line":224,"column":0},"end":{"line":224,"column":37}},"224":{"start":{"line":225,"column":0},"end":{"line":225,"column":35}},"225":{"start":{"line":226,"column":0},"end":{"line":226,"column":8}},"226":{"start":{"line":227,"column":0},"end":{"line":227,"column":53}},"227":{"start":{"line":228,"column":0},"end":{"line":228,"column":30}},"228":{"start":{"line":229,"column":0},"end":{"line":229,"column":38}},"229":{"start":{"line":230,"column":0},"end":{"line":230,"column":35}},"230":{"start":{"line":231,"column":0},"end":{"line":231,"column":47}},"231":{"start":{"line":232,"column":0},"end":{"line":232,"column":8}},"232":{"start":{"line":233,"column":0},"end":{"line":233,"column":32}},"233":{"start":{"line":234,"column":0},"end":{"line":234,"column":47}},"234":{"start":{"line":235,"column":0},"end":{"line":235,"column":29}},"235":{"start":{"line":236,"column":0},"end":{"line":236,"column":27}},"236":{"start":{"line":237,"column":0},"end":{"line":237,"column":8}},"237":{"start":{"line":238,"column":0},"end":{"line":238,"column":57}},"238":{"start":{"line":239,"column":0},"end":{"line":239,"column":30}},"239":{"start":{"line":240,"column":0},"end":{"line":240,"column":41}},"240":{"start":{"line":241,"column":0},"end":{"line":241,"column":8}},"241":{"start":{"line":242,"column":0},"end":{"line":242,"column":56}},"242":{"start":{"line":243,"column":0},"end":{"line":243,"column":30}},"243":{"start":{"line":244,"column":0},"end":{"line":244,"column":47}},"244":{"start":{"line":245,"column":0},"end":{"line":245,"column":8}},"245":{"start":{"line":246,"column":0},"end":{"line":246,"column":14}},"246":{"start":{"line":247,"column":0},"end":{"line":247,"column":47}},"247":{"start":{"line":248,"column":0},"end":{"line":248,"column":29}},"248":{"start":{"line":249,"column":0},"end":{"line":249,"column":27}},"249":{"start":{"line":250,"column":0},"end":{"line":250,"column":8}},"250":{"start":{"line":251,"column":0},"end":{"line":251,"column":49}},"251":{"start":{"line":252,"column":0},"end":{"line":252,"column":30}},"252":{"start":{"line":253,"column":0},"end":{"line":253,"column":26}},"253":{"start":{"line":254,"column":0},"end":{"line":254,"column":38}},"254":{"start":{"line":255,"column":0},"end":{"line":255,"column":35}},"255":{"start":{"line":256,"column":0},"end":{"line":256,"column":8}},"256":{"start":{"line":257,"column":0},"end":{"line":257,"column":56}},"257":{"start":{"line":258,"column":0},"end":{"line":258,"column":30}},"258":{"start":{"line":259,"column":0},"end":{"line":259,"column":47}},"259":{"start":{"line":260,"column":0},"end":{"line":260,"column":8}},"260":{"start":{"line":261,"column":0},"end":{"line":261,"column":26}},"261":{"start":{"line":262,"column":0},"end":{"line":262,"column":53}},"262":{"start":{"line":263,"column":0},"end":{"line":263,"column":29}},"263":{"start":{"line":264,"column":0},"end":{"line":264,"column":27}},"264":{"start":{"line":265,"column":0},"end":{"line":265,"column":8}},"265":{"start":{"line":266,"column":0},"end":{"line":266,"column":55}},"266":{"start":{"line":267,"column":0},"end":{"line":267,"column":30}},"267":{"start":{"line":268,"column":0},"end":{"line":268,"column":8}},"268":{"start":{"line":269,"column":0},"end":{"line":269,"column":62}},"269":{"start":{"line":270,"column":0},"end":{"line":270,"column":30}},"270":{"start":{"line":271,"column":0},"end":{"line":271,"column":38}},"271":{"start":{"line":272,"column":0},"end":{"line":272,"column":35}},"272":{"start":{"line":273,"column":0},"end":{"line":273,"column":47}},"273":{"start":{"line":274,"column":0},"end":{"line":274,"column":8}},"274":{"start":{"line":275,"column":0},"end":{"line":275,"column":52}},"275":{"start":{"line":276,"column":0},"end":{"line":276,"column":35}},"276":{"start":{"line":277,"column":0},"end":{"line":277,"column":9}},"277":{"start":{"line":278,"column":0},"end":{"line":278,"column":3}},"278":{"start":{"line":279,"column":0},"end":{"line":279,"column":3}},"279":{"start":{"line":280,"column":0},"end":{"line":280,"column":0}},"280":{"start":{"line":281,"column":0},"end":{"line":281,"column":51}},"281":{"start":{"line":282,"column":0},"end":{"line":282,"column":14}},"282":{"start":{"line":283,"column":0},"end":{"line":283,"column":13}},"283":{"start":{"line":284,"column":0},"end":{"line":284,"column":24}},"284":{"start":{"line":285,"column":0},"end":{"line":285,"column":22}},"285":{"start":{"line":286,"column":0},"end":{"line":286,"column":16}},"286":{"start":{"line":287,"column":0},"end":{"line":287,"column":13}},"287":{"start":{"line":288,"column":0},"end":{"line":288,"column":27}},"288":{"start":{"line":289,"column":0},"end":{"line":289,"column":36}}},"s":{"0":1,"1":1,"2":1,"3":1,"4":1,"5":1,"6":1,"7":1,"8":1,"9":1,"10":1,"11":1,"12":1,"13":1,"14":1,"15":1,"16":1,"17":1,"18":1,"19":1,"20":1,"21":1,"22":1,"23":1,"24":1,"25":1,"26":1,"27":1,"28":1,"29":1,"30":1,"31":1,"32":1,"33":1,"34":1,"35":2,"36":2,"37":2,"38":2,"39":2,"40":2,"41":2,"42":2,"43":2,"44":1,"45":1,"46":1,"47":1,"48":1,"49":9,"50":9,"51":9,"52":9,"53":9,"54":9,"55":9,"56":9,"57":9,"58":1,"59":1,"60":1,"61":1,"62":1,"63":0,"64":0,"65":0,"66":0,"67":0,"68":0,"69":0,"70":1,"71":1,"72":1,"73":1,"74":1,"75":0,"76":0,"77":0,"78":0,"79":0,"80":0,"81":0,"82":1,"83":1,"84":1,"85":1,"86":1,"87":3,"88":3,"89":3,"90":3,"91":3,"92":3,"93":3,"94":1,"95":1,"96":1,"97":1,"98":1,"99":4,"100":4,"101":4,"102":4,"103":4,"104":4,"105":4,"106":1,"107":1,"108":1,"109":1,"110":1,"111":3,"112":3,"113":3,"114":3,"115":3,"116":3,"117":3,"118":3,"119":3,"120":1,"121":1,"122":1,"123":1,"124":1,"125":0,"126":0,"127":0,"128":0,"129":0,"130":0,"131":0,"132":1,"133":1,"134":1,"135":1,"136":1,"137":0,"138":0,"139":0,"140":0,"141":1,"142":1,"143":1,"144":1,"145":1,"146":1,"147":1,"148":0,"149":0,"150":1,"151":1,"152":1,"153":1,"154":1,"155":1,"156":1,"157":1,"158":1,"159":1,"160":1,"161":1,"162":1,"163":2,"164":2,"165":1,"166":1,"167":1,"168":1,"169":1,"170":1,"171":1,"172":1,"173":1,"174":1,"175":1,"176":1,"177":1,"178":9,"179":9,"180":1,"181":1,"182":8,"183":8,"184":8,"185":8,"186":1,"187":1,"188":1,"189":1,"190":1,"191":1,"192":1,"193":0,"194":0,"195":1,"196":1,"197":0,"198":1,"199":1,"200":0,"201":0,"202":1,"203":1,"204":1,"205":0,"206":0,"207":1,"208":1,"209":0,"210":1,"211":1,"212":0,"213":0,"214":1,"215":1,"216":1,"217":3,"218":3,"219":1,"220":1,"221":1,"222":1,"223":1,"224":1,"225":1,"226":1,"227":2,"228":2,"229":2,"230":2,"231":1,"232":1,"233":1,"234":4,"235":4,"236":1,"237":1,"238":2,"239":2,"240":1,"241":1,"242":2,"243":2,"244":1,"245":1,"246":1,"247":3,"248":3,"249":1,"250":1,"251":2,"252":2,"253":2,"254":2,"255":1,"256":1,"257":1,"258":1,"259":1,"260":1,"261":1,"262":0,"263":0,"264":1,"265":1,"266":0,"267":1,"268":1,"269":0,"270":0,"271":0,"272":0,"273":1,"274":1,"275":0,"276":1,"277":1,"278":1,"279":1,"280":1,"281":1,"282":1,"283":1,"284":1,"285":1,"286":1,"287":1,"288":1},"branchMap":{"0":{"type":"branch","line":35,"loc":{"start":{"line":35,"column":2},"end":{"line":44,"column":3}},"locations":[{"start":{"line":35,"column":2},"end":{"line":44,"column":3}}]},"1":{"type":"branch","line":49,"loc":{"start":{"line":49,"column":2},"end":{"line":58,"column":3}},"locations":[{"start":{"line":49,"column":2},"end":{"line":58,"column":3}}]},"2":{"type":"branch","line":87,"loc":{"start":{"line":87,"column":2},"end":{"line":94,"column":3}},"locations":[{"start":{"line":87,"column":2},"end":{"line":94,"column":3}}]},"3":{"type":"branch","line":99,"loc":{"start":{"line":99,"column":2},"end":{"line":106,"column":3}},"locations":[{"start":{"line":99,"column":2},"end":{"line":106,"column":3}}]},"4":{"type":"branch","line":111,"loc":{"start":{"line":111,"column":2},"end":{"line":120,"column":3}},"locations":[{"start":{"line":111,"column":2},"end":{"line":120,"column":3}}]},"5":{"type":"branch","line":160,"loc":{"start":{"line":160,"column":17},"end":{"line":278,"column":3}},"locations":[{"start":{"line":160,"column":17},"end":{"line":278,"column":3}}]},"6":{"type":"branch","line":163,"loc":{"start":{"line":163,"column":37},"end":{"line":166,"column":7}},"locations":[{"start":{"line":163,"column":37},"end":{"line":166,"column":7}}]},"7":{"type":"branch","line":167,"loc":{"start":{"line":167,"column":39},"end":{"line":172,"column":7}},"locations":[{"start":{"line":167,"column":39},"end":{"line":172,"column":7}}]},"8":{"type":"branch","line":173,"loc":{"start":{"line":173,"column":38},"end":{"line":176,"column":7}},"locations":[{"start":{"line":173,"column":38},"end":{"line":176,"column":7}}]},"9":{"type":"branch","line":178,"loc":{"start":{"line":178,"column":34},"end":{"line":181,"column":7}},"locations":[{"start":{"line":178,"column":34},"end":{"line":181,"column":7}}]},"10":{"type":"branch","line":182,"loc":{"start":{"line":182,"column":36},"end":{"line":187,"column":7}},"locations":[{"start":{"line":182,"column":36},"end":{"line":187,"column":7}}]},"11":{"type":"branch","line":188,"loc":{"start":{"line":188,"column":35},"end":{"line":191,"column":7}},"locations":[{"start":{"line":188,"column":35},"end":{"line":191,"column":7}}]},"12":{"type":"branch","line":217,"loc":{"start":{"line":217,"column":32},"end":{"line":220,"column":7}},"locations":[{"start":{"line":217,"column":32},"end":{"line":220,"column":7}}]},"13":{"type":"branch","line":221,"loc":{"start":{"line":221,"column":34},"end":{"line":226,"column":7}},"locations":[{"start":{"line":221,"column":34},"end":{"line":226,"column":7}}]},"14":{"type":"branch","line":227,"loc":{"start":{"line":227,"column":33},"end":{"line":232,"column":7}},"locations":[{"start":{"line":227,"column":33},"end":{"line":232,"column":7}}]},"15":{"type":"branch","line":234,"loc":{"start":{"line":234,"column":35},"end":{"line":237,"column":7}},"locations":[{"start":{"line":234,"column":35},"end":{"line":237,"column":7}}]},"16":{"type":"branch","line":238,"loc":{"start":{"line":238,"column":37},"end":{"line":241,"column":7}},"locations":[{"start":{"line":238,"column":37},"end":{"line":241,"column":7}}]},"17":{"type":"branch","line":242,"loc":{"start":{"line":242,"column":36},"end":{"line":245,"column":7}},"locations":[{"start":{"line":242,"column":36},"end":{"line":245,"column":7}}]},"18":{"type":"branch","line":247,"loc":{"start":{"line":247,"column":35},"end":{"line":250,"column":7}},"locations":[{"start":{"line":247,"column":35},"end":{"line":250,"column":7}}]},"19":{"type":"branch","line":251,"loc":{"start":{"line":251,"column":37},"end":{"line":256,"column":7}},"locations":[{"start":{"line":251,"column":37},"end":{"line":256,"column":7}}]},"20":{"type":"branch","line":257,"loc":{"start":{"line":257,"column":36},"end":{"line":260,"column":7}},"locations":[{"start":{"line":257,"column":36},"end":{"line":260,"column":7}}]}},"b":{"0":[2],"1":[9],"2":[3],"3":[4],"4":[3],"5":[1],"6":[2],"7":[1],"8":[1],"9":[9],"10":[8],"11":[1],"12":[3],"13":[1],"14":[2],"15":[4],"16":[2],"17":[2],"18":[3],"19":[2],"20":[1]},"fnMap":{"0":{"name":"clearError","decl":{"start":{"line":148,"column":16},"end":{"line":150,"column":5}},"loc":{"start":{"line":148,"column":16},"end":{"line":150,"column":5}},"line":148},"1":{"name":"selectUser","decl":{"start":{"line":153,"column":16},"end":{"line":153,"column":53}},"loc":{"start":{"line":153,"column":16},"end":{"line":153,"column":53}},"line":153},"2":{"name":"selectIsAuthenticated","decl":{"start":{"line":154,"column":27},"end":{"line":155,"column":16}},"loc":{"start":{"line":154,"column":27},"end":{"line":155,"column":16}},"line":154},"3":{"name":"selectIsAuthChecked","decl":{"start":{"line":156,"column":25},"end":{"line":156,"column":62}},"loc":{"start":{"line":156,"column":25},"end":{"line":156,"column":62}},"line":156},"4":{"name":"selectLoading","decl":{"start":{"line":157,"column":19},"end":{"line":157,"column":56}},"loc":{"start":{"line":157,"column":19},"end":{"line":157,"column":56}},"line":157},"5":{"name":"selectError","decl":{"start":{"line":158,"column":17},"end":{"line":158,"column":54}},"loc":{"start":{"line":158,"column":17},"end":{"line":158,"column":54}},"line":158},"6":{"name":"extraReducers","decl":{"start":{"line":160,"column":17},"end":{"line":278,"column":3}},"loc":{"start":{"line":160,"column":17},"end":{"line":278,"column":3}},"line":160}},"f":{"0":0,"1":0,"2":0,"3":0,"4":0,"5":0,"6":1}}
,"C:\\Users\\Heaven\\dev\\stellar-burgers\\src\\utils\\burger-api.ts": {"path":"C:\\Users\\Heaven\\dev\\stellar-burgers\\src\\utils\\burger-api.ts","all":false,"statementMap":{"0":{"start":{"line":1,"column":0},"end":{"line":1,"column":48}},"1":{"start":{"line":2,"column":0},"end":{"line":2,"column":66}},"2":{"start":{"line":3,"column":0},"end":{"line":3,"column":0}},"3":{"start":{"line":4,"column":0},"end":{"line":4,"column":39}},"4":{"start":{"line":5,"column":0},"end":{"line":5,"column":0}},"5":{"start":{"line":6,"column":0},"end":{"line":6,"column":55}},"6":{"start":{"line":7,"column":0},"end":{"line":7,"column":70}},"7":{"start":{"line":8,"column":0},"end":{"line":8,"column":0}},"8":{"start":{"line":9,"column":0},"end":{"line":9,"column":27}},"9":{"start":{"line":10,"column":0},"end":{"line":10,"column":19}},"10":{"start":{"line":11,"column":0},"end":{"line":11,"column":6}},"11":{"start":{"line":12,"column":0},"end":{"line":12,"column":0}},"12":{"start":{"line":13,"column":0},"end":{"line":13,"column":41}},"13":{"start":{"line":14,"column":0},"end":{"line":14,"column":23}},"14":{"start":{"line":15,"column":0},"end":{"line":15,"column":22}},"15":{"start":{"line":16,"column":0},"end":{"line":16,"column":3}},"16":{"start":{"line":17,"column":0},"end":{"line":17,"column":0}},"17":{"start":{"line":18,"column":0},"end":{"line":18,"column":60}},"18":{"start":{"line":19,"column":0},"end":{"line":19,"column":30}},"19":{"start":{"line":20,"column":0},"end":{"line":20,"column":19}},"20":{"start":{"line":21,"column":0},"end":{"line":21,"column":14}},"21":{"start":{"line":22,"column":0},"end":{"line":22,"column":54}},"22":{"start":{"line":23,"column":0},"end":{"line":23,"column":6}},"23":{"start":{"line":24,"column":0},"end":{"line":24,"column":26}},"24":{"start":{"line":25,"column":0},"end":{"line":25,"column":49}},"25":{"start":{"line":26,"column":0},"end":{"line":26,"column":6}},"26":{"start":{"line":27,"column":0},"end":{"line":27,"column":4}},"27":{"start":{"line":28,"column":0},"end":{"line":28,"column":56}},"28":{"start":{"line":29,"column":0},"end":{"line":29,"column":28}},"29":{"start":{"line":30,"column":0},"end":{"line":30,"column":33}},"30":{"start":{"line":31,"column":0},"end":{"line":31,"column":43}},"31":{"start":{"line":32,"column":0},"end":{"line":32,"column":7}},"32":{"start":{"line":33,"column":0},"end":{"line":33,"column":69}},"33":{"start":{"line":34,"column":0},"end":{"line":34,"column":56}},"34":{"start":{"line":35,"column":0},"end":{"line":35,"column":25}},"35":{"start":{"line":36,"column":0},"end":{"line":36,"column":7}},"36":{"start":{"line":37,"column":0},"end":{"line":37,"column":0}},"37":{"start":{"line":38,"column":0},"end":{"line":38,"column":42}},"38":{"start":{"line":39,"column":0},"end":{"line":39,"column":19}},"39":{"start":{"line":40,"column":0},"end":{"line":40,"column":22}},"40":{"start":{"line":41,"column":0},"end":{"line":41,"column":6}},"41":{"start":{"line":42,"column":0},"end":{"line":42,"column":7}},"42":{"start":{"line":43,"column":0},"end":{"line":43,"column":42}},"43":{"start":{"line":44,"column":0},"end":{"line":44,"column":39}},"44":{"start":{"line":45,"column":0},"end":{"line":45,"column":17}},"45":{"start":{"line":46,"column":0},"end":{"line":46,"column":65}},"46":{"start":{"line":47,"column":0},"end":{"line":47,"column":47}},"47":{"start":{"line":48,"column":0},"end":{"line":48,"column":28}},"48":{"start":{"line":49,"column":0},"end":{"line":49,"column":70}},"49":{"start":{"line":50,"column":0},"end":{"line":50,"column":34}},"50":{"start":{"line":51,"column":0},"end":{"line":51,"column":7}},"51":{"start":{"line":52,"column":0},"end":{"line":52,"column":44}},"52":{"start":{"line":53,"column":0},"end":{"line":53,"column":41}},"53":{"start":{"line":54,"column":0},"end":{"line":54,"column":12}},"54":{"start":{"line":55,"column":0},"end":{"line":55,"column":33}},"55":{"start":{"line":56,"column":0},"end":{"line":56,"column":5}},"56":{"start":{"line":57,"column":0},"end":{"line":57,"column":3}},"57":{"start":{"line":58,"column":0},"end":{"line":58,"column":2}},"58":{"start":{"line":59,"column":0},"end":{"line":59,"column":0}},"59":{"start":{"line":60,"column":0},"end":{"line":60,"column":45}},"60":{"start":{"line":61,"column":0},"end":{"line":61,"column":22}},"61":{"start":{"line":62,"column":0},"end":{"line":62,"column":3}},"62":{"start":{"line":63,"column":0},"end":{"line":63,"column":0}},"63":{"start":{"line":64,"column":0},"end":{"line":64,"column":39}},"64":{"start":{"line":65,"column":0},"end":{"line":65,"column":19}},"65":{"start":{"line":66,"column":0},"end":{"line":66,"column":16}},"66":{"start":{"line":67,"column":0},"end":{"line":67,"column":21}},"67":{"start":{"line":68,"column":0},"end":{"line":68,"column":3}},"68":{"start":{"line":69,"column":0},"end":{"line":69,"column":0}},"69":{"start":{"line":70,"column":0},"end":{"line":70,"column":40}},"70":{"start":{"line":71,"column":0},"end":{"line":71,"column":17}},"71":{"start":{"line":72,"column":0},"end":{"line":72,"column":3}},"72":{"start":{"line":73,"column":0},"end":{"line":73,"column":0}},"73":{"start":{"line":74,"column":0},"end":{"line":74,"column":38}},"74":{"start":{"line":75,"column":0},"end":{"line":75,"column":29}},"75":{"start":{"line":76,"column":0},"end":{"line":76,"column":60}},"76":{"start":{"line":77,"column":0},"end":{"line":77,"column":21}},"77":{"start":{"line":78,"column":0},"end":{"line":78,"column":42}},"78":{"start":{"line":79,"column":0},"end":{"line":79,"column":34}},"79":{"start":{"line":80,"column":0},"end":{"line":80,"column":7}},"80":{"start":{"line":81,"column":0},"end":{"line":81,"column":0}},"81":{"start":{"line":82,"column":0},"end":{"line":82,"column":32}},"82":{"start":{"line":83,"column":0},"end":{"line":83,"column":28}},"83":{"start":{"line":84,"column":0},"end":{"line":84,"column":54}},"84":{"start":{"line":85,"column":0},"end":{"line":85,"column":21}},"85":{"start":{"line":86,"column":0},"end":{"line":86,"column":37}},"86":{"start":{"line":87,"column":0},"end":{"line":87,"column":34}},"87":{"start":{"line":88,"column":0},"end":{"line":88,"column":7}},"88":{"start":{"line":89,"column":0},"end":{"line":89,"column":0}},"89":{"start":{"line":90,"column":0},"end":{"line":90,"column":33}},"90":{"start":{"line":91,"column":0},"end":{"line":91,"column":53}},"91":{"start":{"line":92,"column":0},"end":{"line":92,"column":18}},"92":{"start":{"line":93,"column":0},"end":{"line":93,"column":14}},"93":{"start":{"line":94,"column":0},"end":{"line":94,"column":55}},"94":{"start":{"line":95,"column":0},"end":{"line":95,"column":45}},"95":{"start":{"line":96,"column":0},"end":{"line":96,"column":20}},"96":{"start":{"line":97,"column":0},"end":{"line":97,"column":21}},"97":{"start":{"line":98,"column":0},"end":{"line":98,"column":42}},"98":{"start":{"line":99,"column":0},"end":{"line":99,"column":32}},"99":{"start":{"line":100,"column":0},"end":{"line":100,"column":5}},"100":{"start":{"line":101,"column":0},"end":{"line":101,"column":0}},"101":{"start":{"line":102,"column":0},"end":{"line":102,"column":42}},"102":{"start":{"line":103,"column":0},"end":{"line":103,"column":16}},"103":{"start":{"line":104,"column":0},"end":{"line":104,"column":15}},"104":{"start":{"line":105,"column":0},"end":{"line":105,"column":3}},"105":{"start":{"line":106,"column":0},"end":{"line":106,"column":0}},"106":{"start":{"line":107,"column":0},"end":{"line":107,"column":49}},"107":{"start":{"line":108,"column":0},"end":{"line":108,"column":56}},"108":{"start":{"line":109,"column":0},"end":{"line":109,"column":19}},"109":{"start":{"line":110,"column":0},"end":{"line":110,"column":14}},"110":{"start":{"line":111,"column":0},"end":{"line":111,"column":55}},"111":{"start":{"line":112,"column":0},"end":{"line":112,"column":45}},"112":{"start":{"line":113,"column":0},"end":{"line":113,"column":21}},"113":{"start":{"line":114,"column":0},"end":{"line":114,"column":26}},"114":{"start":{"line":115,"column":0},"end":{"line":115,"column":23}},"115":{"start":{"line":116,"column":0},"end":{"line":116,"column":6}},"116":{"start":{"line":117,"column":0},"end":{"line":117,"column":21}},"117":{"start":{"line":118,"column":0},"end":{"line":118,"column":35}},"118":{"start":{"line":119,"column":0},"end":{"line":119,"column":32}},"119":{"start":{"line":120,"column":0},"end":{"line":120,"column":5}},"120":{"start":{"line":121,"column":0},"end":{"line":121,"column":0}},"121":{"start":{"line":122,"column":0},"end":{"line":122,"column":39}},"122":{"start":{"line":123,"column":0},"end":{"line":123,"column":19}},"123":{"start":{"line":124,"column":0},"end":{"line":124,"column":3}},"124":{"start":{"line":125,"column":0},"end":{"line":125,"column":0}},"125":{"start":{"line":126,"column":0},"end":{"line":126,"column":54}},"126":{"start":{"line":127,"column":0},"end":{"line":127,"column":36}},"127":{"start":{"line":128,"column":0},"end":{"line":128,"column":18}},"128":{"start":{"line":129,"column":0},"end":{"line":129,"column":14}},"129":{"start":{"line":130,"column":0},"end":{"line":130,"column":40}},"130":{"start":{"line":131,"column":0},"end":{"line":131,"column":5}},"131":{"start":{"line":132,"column":0},"end":{"line":132,"column":55}},"132":{"start":{"line":133,"column":0},"end":{"line":133,"column":0}},"133":{"start":{"line":134,"column":0},"end":{"line":134,"column":29}},"134":{"start":{"line":135,"column":0},"end":{"line":135,"column":16}},"135":{"start":{"line":136,"column":0},"end":{"line":136,"column":15}},"136":{"start":{"line":137,"column":0},"end":{"line":137,"column":19}},"137":{"start":{"line":138,"column":0},"end":{"line":138,"column":2}},"138":{"start":{"line":139,"column":0},"end":{"line":139,"column":0}},"139":{"start":{"line":140,"column":0},"end":{"line":140,"column":45}},"140":{"start":{"line":141,"column":0},"end":{"line":141,"column":23}},"141":{"start":{"line":142,"column":0},"end":{"line":142,"column":22}},"142":{"start":{"line":143,"column":0},"end":{"line":143,"column":14}},"143":{"start":{"line":144,"column":0},"end":{"line":144,"column":3}},"144":{"start":{"line":145,"column":0},"end":{"line":145,"column":0}},"145":{"start":{"line":146,"column":0},"end":{"line":146,"column":55}},"146":{"start":{"line":147,"column":0},"end":{"line":147,"column":33}},"147":{"start":{"line":148,"column":0},"end":{"line":148,"column":19}},"148":{"start":{"line":149,"column":0},"end":{"line":149,"column":14}},"149":{"start":{"line":150,"column":0},"end":{"line":150,"column":54}},"150":{"start":{"line":151,"column":0},"end":{"line":151,"column":6}},"151":{"start":{"line":152,"column":0},"end":{"line":152,"column":30}},"152":{"start":{"line":153,"column":0},"end":{"line":153,"column":4}},"153":{"start":{"line":154,"column":0},"end":{"line":154,"column":53}},"154":{"start":{"line":155,"column":0},"end":{"line":155,"column":21}},"155":{"start":{"line":156,"column":0},"end":{"line":156,"column":37}},"156":{"start":{"line":157,"column":0},"end":{"line":157,"column":34}},"157":{"start":{"line":158,"column":0},"end":{"line":158,"column":7}},"158":{"start":{"line":159,"column":0},"end":{"line":159,"column":0}},"159":{"start":{"line":160,"column":0},"end":{"line":160,"column":26}},"160":{"start":{"line":161,"column":0},"end":{"line":161,"column":16}},"161":{"start":{"line":162,"column":0},"end":{"line":162,"column":19}},"162":{"start":{"line":163,"column":0},"end":{"line":163,"column":2}},"163":{"start":{"line":164,"column":0},"end":{"line":164,"column":0}},"164":{"start":{"line":165,"column":0},"end":{"line":165,"column":49}},"165":{"start":{"line":166,"column":0},"end":{"line":166,"column":30}},"166":{"start":{"line":167,"column":0},"end":{"line":167,"column":19}},"167":{"start":{"line":168,"column":0},"end":{"line":168,"column":14}},"168":{"start":{"line":169,"column":0},"end":{"line":169,"column":54}},"169":{"start":{"line":170,"column":0},"end":{"line":170,"column":6}},"170":{"start":{"line":171,"column":0},"end":{"line":171,"column":30}},"171":{"start":{"line":172,"column":0},"end":{"line":172,"column":4}},"172":{"start":{"line":173,"column":0},"end":{"line":173,"column":53}},"173":{"start":{"line":174,"column":0},"end":{"line":174,"column":21}},"174":{"start":{"line":175,"column":0},"end":{"line":175,"column":37}},"175":{"start":{"line":176,"column":0},"end":{"line":176,"column":34}},"176":{"start":{"line":177,"column":0},"end":{"line":177,"column":7}},"177":{"start":{"line":178,"column":0},"end":{"line":178,"column":0}},"178":{"start":{"line":179,"column":0},"end":{"line":179,"column":61}},"179":{"start":{"line":180,"column":0},"end":{"line":180,"column":34}},"180":{"start":{"line":181,"column":0},"end":{"line":181,"column":19}},"181":{"start":{"line":182,"column":0},"end":{"line":182,"column":14}},"182":{"start":{"line":183,"column":0},"end":{"line":183,"column":54}},"183":{"start":{"line":184,"column":0},"end":{"line":184,"column":6}},"184":{"start":{"line":185,"column":0},"end":{"line":185,"column":30}},"185":{"start":{"line":186,"column":0},"end":{"line":186,"column":4}},"186":{"start":{"line":187,"column":0},"end":{"line":187,"column":59}},"187":{"start":{"line":188,"column":0},"end":{"line":188,"column":21}},"188":{"start":{"line":189,"column":0},"end":{"line":189,"column":37}},"189":{"start":{"line":190,"column":0},"end":{"line":190,"column":34}},"190":{"start":{"line":191,"column":0},"end":{"line":191,"column":7}},"191":{"start":{"line":192,"column":0},"end":{"line":192,"column":0}},"192":{"start":{"line":193,"column":0},"end":{"line":193,"column":78}},"193":{"start":{"line":194,"column":0},"end":{"line":194,"column":40}},"194":{"start":{"line":195,"column":0},"end":{"line":195,"column":19}},"195":{"start":{"line":196,"column":0},"end":{"line":196,"column":14}},"196":{"start":{"line":197,"column":0},"end":{"line":197,"column":54}},"197":{"start":{"line":198,"column":0},"end":{"line":198,"column":6}},"198":{"start":{"line":199,"column":0},"end":{"line":199,"column":30}},"199":{"start":{"line":200,"column":0},"end":{"line":200,"column":4}},"200":{"start":{"line":201,"column":0},"end":{"line":201,"column":59}},"201":{"start":{"line":202,"column":0},"end":{"line":202,"column":21}},"202":{"start":{"line":203,"column":0},"end":{"line":203,"column":37}},"203":{"start":{"line":204,"column":0},"end":{"line":204,"column":34}},"204":{"start":{"line":205,"column":0},"end":{"line":205,"column":7}},"205":{"start":{"line":206,"column":0},"end":{"line":206,"column":0}},"206":{"start":{"line":207,"column":0},"end":{"line":207,"column":54}},"207":{"start":{"line":208,"column":0},"end":{"line":208,"column":0}},"208":{"start":{"line":209,"column":0},"end":{"line":209,"column":31}},"209":{"start":{"line":210,"column":0},"end":{"line":210,"column":55}},"210":{"start":{"line":211,"column":0},"end":{"line":211,"column":14}},"211":{"start":{"line":212,"column":0},"end":{"line":212,"column":45}},"212":{"start":{"line":213,"column":0},"end":{"line":213,"column":20}},"213":{"start":{"line":214,"column":0},"end":{"line":214,"column":5}},"214":{"start":{"line":215,"column":0},"end":{"line":215,"column":0}},"215":{"start":{"line":216,"column":0},"end":{"line":216,"column":62}},"216":{"start":{"line":217,"column":0},"end":{"line":217,"column":55}},"217":{"start":{"line":218,"column":0},"end":{"line":218,"column":20}},"218":{"start":{"line":219,"column":0},"end":{"line":219,"column":14}},"219":{"start":{"line":220,"column":0},"end":{"line":220,"column":55}},"220":{"start":{"line":221,"column":0},"end":{"line":221,"column":45}},"221":{"start":{"line":222,"column":0},"end":{"line":222,"column":21}},"222":{"start":{"line":223,"column":0},"end":{"line":223,"column":30}},"223":{"start":{"line":224,"column":0},"end":{"line":224,"column":5}},"224":{"start":{"line":225,"column":0},"end":{"line":225,"column":0}},"225":{"start":{"line":226,"column":0},"end":{"line":226,"column":30}},"226":{"start":{"line":227,"column":0},"end":{"line":227,"column":31}},"227":{"start":{"line":228,"column":0},"end":{"line":228,"column":19}},"228":{"start":{"line":229,"column":0},"end":{"line":229,"column":14}},"229":{"start":{"line":230,"column":0},"end":{"line":230,"column":54}},"230":{"start":{"line":231,"column":0},"end":{"line":231,"column":6}},"231":{"start":{"line":232,"column":0},"end":{"line":232,"column":26}},"232":{"start":{"line":233,"column":0},"end":{"line":233,"column":49}},"233":{"start":{"line":234,"column":0},"end":{"line":234,"column":6}},"234":{"start":{"line":235,"column":0},"end":{"line":235,"column":60}}},"s":{"0":1,"1":1,"2":1,"3":1,"4":1,"5":1,"6":0,"7":1,"8":1,"9":1,"10":1,"11":1,"12":1,"13":1,"14":1,"15":1,"16":1,"17":1,"18":0,"19":0,"20":0,"21":0,"22":0,"23":0,"24":0,"25":0,"26":0,"27":0,"28":0,"29":0,"30":0,"31":0,"32":0,"33":0,"34":0,"35":0,"36":1,"37":1,"38":0,"39":0,"40":0,"41":0,"42":0,"43":0,"44":0,"45":0,"46":0,"47":0,"48":0,"49":0,"50":0,"51":0,"52":0,"53":0,"54":0,"55":0,"56":0,"57":0,"58":1,"59":1,"60":1,"61":1,"62":1,"63":1,"64":1,"65":1,"66":1,"67":1,"68":1,"69":1,"70":1,"71":1,"72":1,"73":1,"74":0,"75":0,"76":0,"77":0,"78":0,"79":0,"80":1,"81":1,"82":0,"83":0,"84":0,"85":0,"86":0,"87":0,"88":1,"89":1,"90":0,"91":0,"92":0,"93":0,"94":0,"95":0,"96":0,"97":0,"98":0,"99":0,"100":1,"101":1,"102":1,"103":1,"104":1,"105":1,"106":1,"107":0,"108":0,"109":0,"110":0,"111":0,"112":0,"113":0,"114":0,"115":0,"116":0,"117":0,"118":0,"119":0,"120":1,"121":1,"122":1,"123":1,"124":1,"125":1,"126":0,"127":0,"128":0,"129":0,"130":0,"131":0,"132":1,"133":1,"134":1,"135":1,"136":1,"137":1,"138":1,"139":1,"140":1,"141":1,"142":1,"143":1,"144":1,"145":1,"146":0,"147":0,"148":0,"149":0,"150":0,"151":0,"152":0,"153":0,"154":0,"155":0,"156":0,"157":0,"158":1,"159":1,"160":1,"161":1,"162":1,"163":1,"164":1,"165":0,"166":0,"167":0,"168":0,"169":0,"170":0,"171":0,"172":0,"173":0,"174":0,"175":0,"176":0,"177":1,"178":1,"179":0,"180":0,"181":0,"182":0,"183":0,"184":0,"185":0,"186":0,"187":0,"188":0,"189":0,"190":0,"191":1,"192":1,"193":0,"194":0,"195":0,"196":0,"197":0,"198":0,"199":0,"200":0,"201":0,"202":0,"203":0,"204":0,"205":1,"206":1,"207":1,"208":1,"209":0,"210":0,"211":0,"212":0,"213":0,"214":1,"215":1,"216":0,"217":0,"218":0,"219":0,"220":0,"221":0,"222":0,"223":0,"224":1,"225":1,"226":0,"227":0,"228":0,"229":0,"230":0,"231":0,"232":0,"233":0,"234":0},"branchMap":{},"b":{},"fnMap":{"0":{"name":"checkResponse","decl":{"start":{"line":6,"column":22},"end":{"line":7,"column":70}},"loc":{"start":{"line":6,"column":22},"end":{"line":7,"column":70}},"line":6},"1":{"name":"refreshToken","decl":{"start":{"line":18,"column":28},"end":{"line":36,"column":7}},"loc":{"start":{"line":18,"column":28},"end":{"line":36,"column":7}},"line":18},"2":{"name":"fetchWithRefresh","decl":{"start":{"line":38,"column":32},"end":{"line":58,"column":2}},"loc":{"start":{"line":38,"column":32},"end":{"line":58,"column":2}},"line":38},"3":{"name":"getIngredientsApi","decl":{"start":{"line":74,"column":33},"end":{"line":80,"column":7}},"loc":{"start":{"line":74,"column":33},"end":{"line":80,"column":7}},"line":74},"4":{"name":"getFeedsApi","decl":{"start":{"line":82,"column":27},"end":{"line":88,"column":7}},"loc":{"start":{"line":82,"column":27},"end":{"line":88,"column":7}},"line":82},"5":{"name":"getOrdersApi","decl":{"start":{"line":90,"column":28},"end":{"line":100,"column":5}},"loc":{"start":{"line":90,"column":28},"end":{"line":100,"column":5}},"line":90},"6":{"name":"orderBurgerApi","decl":{"start":{"line":107,"column":30},"end":{"line":120,"column":5}},"loc":{"start":{"line":107,"column":30},"end":{"line":120,"column":5}},"line":107},"7":{"name":"getOrderByNumberApi","decl":{"start":{"line":126,"column":35},"end":{"line":132,"column":55}},"loc":{"start":{"line":126,"column":35},"end":{"line":132,"column":55}},"line":126},"8":{"name":"registerUserApi","decl":{"start":{"line":146,"column":31},"end":{"line":158,"column":7}},"loc":{"start":{"line":146,"column":31},"end":{"line":158,"column":7}},"line":146},"9":{"name":"loginUserApi","decl":{"start":{"line":165,"column":28},"end":{"line":177,"column":7}},"loc":{"start":{"line":165,"column":28},"end":{"line":177,"column":7}},"line":165},"10":{"name":"forgotPasswordApi","decl":{"start":{"line":179,"column":33},"end":{"line":191,"column":7}},"loc":{"start":{"line":179,"column":33},"end":{"line":191,"column":7}},"line":179},"11":{"name":"resetPasswordApi","decl":{"start":{"line":193,"column":32},"end":{"line":205,"column":7}},"loc":{"start":{"line":193,"column":32},"end":{"line":205,"column":7}},"line":193},"12":{"name":"getUserApi","decl":{"start":{"line":209,"column":26},"end":{"line":214,"column":5}},"loc":{"start":{"line":209,"column":26},"end":{"line":214,"column":5}},"line":209},"13":{"name":"updateUserApi","decl":{"start":{"line":216,"column":29},"end":{"line":224,"column":5}},"loc":{"start":{"line":216,"column":29},"end":{"line":224,"column":5}},"line":216},"14":{"name":"logoutApi","decl":{"start":{"line":226,"column":25},"end":{"line":235,"column":60}},"loc":{"start":{"line":226,"column":25},"end":{"line":235,"column":60}},"line":226}},"f":{"0":0,"1":0,"2":0,"3":0,"4":0,"5":0,"6":0,"7":0,"8":0,"9":0,"10":0,"11":0,"12":0,"13":0,"14":0}}
,"C:\\Users\\Heaven\\dev\\stellar-burgers\\src\\utils\\cookie.ts": {"path":"C:\\Users\\Heaven\\dev\\stellar-burgers\\src\\utils\\cookie.ts","all":false,"statementMap":{"0":{"start":{"line":1,"column":0},"end":{"line":1,"column":61}},"1":{"start":{"line":2,"column":0},"end":{"line":2,"column":40}},"2":{"start":{"line":3,"column":0},"end":{"line":3,"column":15}},"3":{"start":{"line":4,"column":0},"end":{"line":4,"column":18}},"4":{"start":{"line":5,"column":0},"end":{"line":5,"column":53}},"5":{"start":{"line":6,"column":0},"end":{"line":6,"column":62}},"6":{"start":{"line":7,"column":0},"end":{"line":7,"column":18}},"7":{"start":{"line":8,"column":0},"end":{"line":8,"column":5}},"8":{"start":{"line":9,"column":0},"end":{"line":9,"column":4}},"9":{"start":{"line":10,"column":0},"end":{"line":10,"column":62}},"10":{"start":{"line":11,"column":0},"end":{"line":11,"column":1}},"11":{"start":{"line":12,"column":0},"end":{"line":12,"column":0}},"12":{"start":{"line":13,"column":0},"end":{"line":13,"column":26}},"13":{"start":{"line":14,"column":0},"end":{"line":14,"column":15}},"14":{"start":{"line":15,"column":0},"end":{"line":15,"column":16}},"15":{"start":{"line":16,"column":0},"end":{"line":16,"column":65}},"16":{"start":{"line":17,"column":0},"end":{"line":17,"column":3}},"17":{"start":{"line":18,"column":0},"end":{"line":18,"column":11}},"18":{"start":{"line":19,"column":0},"end":{"line":19,"column":14}},"19":{"start":{"line":20,"column":0},"end":{"line":20,"column":12}},"20":{"start":{"line":21,"column":0},"end":{"line":21,"column":4}},"21":{"start":{"line":22,"column":0},"end":{"line":22,"column":0}},"22":{"start":{"line":23,"column":0},"end":{"line":23,"column":26}},"23":{"start":{"line":24,"column":0},"end":{"line":24,"column":39}},"24":{"start":{"line":25,"column":0},"end":{"line":25,"column":25}},"25":{"start":{"line":26,"column":0},"end":{"line":26,"column":40}},"26":{"start":{"line":27,"column":0},"end":{"line":27,"column":28}},"27":{"start":{"line":28,"column":0},"end":{"line":28,"column":3}},"28":{"start":{"line":29,"column":0},"end":{"line":29,"column":0}},"29":{"start":{"line":30,"column":0},"end":{"line":30,"column":35}},"30":{"start":{"line":31,"column":0},"end":{"line":31,"column":38}},"31":{"start":{"line":32,"column":0},"end":{"line":32,"column":3}},"32":{"start":{"line":33,"column":0},"end":{"line":33,"column":36}},"33":{"start":{"line":34,"column":0},"end":{"line":34,"column":41}},"34":{"start":{"line":35,"column":0},"end":{"line":35,"column":33}},"35":{"start":{"line":36,"column":0},"end":{"line":36,"column":37}},"36":{"start":{"line":37,"column":0},"end":{"line":37,"column":38}},"37":{"start":{"line":38,"column":0},"end":{"line":38,"column":29}},"38":{"start":{"line":39,"column":0},"end":{"line":39,"column":39}},"39":{"start":{"line":40,"column":0},"end":{"line":40,"column":5}},"40":{"start":{"line":41,"column":0},"end":{"line":41,"column":3}},"41":{"start":{"line":42,"column":0},"end":{"line":42,"column":34}},"42":{"start":{"line":43,"column":0},"end":{"line":43,"column":1}},"43":{"start":{"line":44,"column":0},"end":{"line":44,"column":0}},"44":{"start":{"line":45,"column":0},"end":{"line":45,"column":44}},"45":{"start":{"line":46,"column":0},"end":{"line":46,"column":39}},"46":{"start":{"line":47,"column":0},"end":{"line":47,"column":1}}},"s":{"0":0,"1":0,"2":0,"3":0,"4":0,"5":0,"6":0,"7":0,"8":0,"9":0,"10":0,"11":1,"12":0,"13":0,"14":0,"15":0,"16":0,"17":0,"18":0,"19":0,"20":0,"21":0,"22":0,"23":0,"24":0,"25":0,"26":0,"27":0,"28":0,"29":0,"30":0,"31":0,"32":0,"33":0,"34":0,"35":0,"36":0,"37":0,"38":0,"39":0,"40":0,"41":0,"42":0,"43":1,"44":0,"45":0,"46":0},"branchMap":{},"b":{},"fnMap":{"0":{"name":"getCookie","decl":{"start":{"line":1,"column":0},"end":{"line":11,"column":1}},"loc":{"start":{"line":1,"column":0},"end":{"line":11,"column":1}},"line":1},"1":{"name":"setCookie","decl":{"start":{"line":13,"column":0},"end":{"line":43,"column":1}},"loc":{"start":{"line":13,"column":0},"end":{"line":43,"column":1}},"line":13},"2":{"name":"deleteCookie","decl":{"start":{"line":45,"column":0},"end":{"line":47,"column":1}},"loc":{"start":{"line":45,"column":0},"end":{"line":47,"column":1}},"line":45}},"f":{"0":0,"1":0,"2":0}}
}
